#
# A fatal error has been detected by the Java Runtime Environment:
#
#  EXCEPTION_ACCESS_VIOLATION (0xc0000005) at pc=0x00007ffc6aeb2570, pid=15528, tid=4052
#
# JRE version: Java(TM) SE Runtime Environment (15.0.2+7) (build 15.0.2+7-27)
# Java VM: Java HotSpot(TM) 64-Bit Server VM (15.0.2+7-27, mixed mode, sharing, tiered, compressed oops, g1 gc, windows-amd64)
# Problematic frame:
# C  [atio6axx.dll+0xaa2570]
#
# No core dump will be written. Minidumps are not enabled by default on client versions of Windows
#
# If you would like to submit a bug report, please visit:
#   https://bugreport.java.com/bugreport/crash.jsp
# The crash happened outside the Java Virtual Machine in native code.
# See problematic frame for where to report the bug.
#

---------------  S U M M A R Y ------------

Command Line: -javaagent:C:\Program Files\JetBrains\IntelliJ IDEA Community Edition 2020.3.2\lib\idea_rt.jar=65448:C:\Program Files\JetBrains\IntelliJ IDEA Community Edition 2020.3.2\bin -Dfile.encoding=UTF-8 Main

Host: AMD Ryzen 5 3600 6-Core Processor              , 12 cores, 15G,  Windows 10 , 64 bit Build 19041 (10.0.19041.1645)
Time: Thu Apr 21 07:31:20 2022 Central Europe Daylight Time elapsed time: 1.243114 seconds (0d 0h 0m 1s)

---------------  T H R E A D  ---------------

Current thread (0x0000023552b08c80):  JavaThread "main" [_thread_in_native, id=4052, stack(0x0000004f17600000,0x0000004f17700000)]

Stack: [0x0000004f17600000,0x0000004f17700000],  sp=0x0000004f176feb60,  free space=1018k
Native frames: (J=compiled Java code, j=interpreted, Vv=VM code, C=native code)
C  [atio6axx.dll+0xaa2570]

Java frames: (J=compiled Java code, j=interpreted, Vv=VM code)
j  org.lwjgl.opengl.GL11C.glDrawArrays(III)V+0
j  org.lwjgl.opengl.GL11.glDrawArrays(III)V+3
j  Renderer.display()V+288
j  global.LwjglWindow.loop()V+35
j  global.LwjglWindow.run()V+5
j  global.LwjglWindow.<init>(IILglobal/AbstractRenderer;Z)V+37
j  global.LwjglWindow.<init>(Lglobal/AbstractRenderer;)V+9
j  Main.main([Ljava/lang/String;)V+11
v  ~StubRoutines::call_stub

siginfo: EXCEPTION_ACCESS_VIOLATION (0xc0000005), reading address 0x0000000000000000


Register to memory mapping:

RIP=0x00007ffc6aeb2570 atio6axx.dll
RAX=0xffffffffffd7d280 is an unknown value
RBX=0x0000023508700000 points into unknown readable memory: 0x0000000000000000 | 00 00 00 00 00 00 00 00
RCX=0x0000023508700000 points into unknown readable memory: 0x0000000000000000 | 00 00 00 00 00 00 00 00
RDX=0x0 is NULL
RSP=0x0000004f176feb60 is pointing into the stack for thread: 0x0000023552b08c80
RBP=0x000002350315c100 points into unknown readable memory: 0x00007ffc6cc29358 | 58 93 c2 6c fc 7f 00 00
RSI=0x0 is NULL
RDI=0x0000000000282d80 is an unknown value
R8 =0x000000000000505b is an unknown value
R9 =0x0 is NULL
R10=0x0000000000000088 is an unknown value
R11=0x0000004f176fefa0 is pointing into the stack for thread: 0x0000023552b08c80
R12=0x00000000000282d8 is an unknown value
R13=0x0 is NULL
R14=0x0000000000000078 is an unknown value
R15=0x0000023579d08490 points into unknown readable memory: 0x0000023579f39820 | 20 98 f3 79 35 02 00 00


Registers:
RAX=0xffffffffffd7d280, RBX=0x0000023508700000, RCX=0x0000023508700000, RDX=0x0000000000000000
RSP=0x0000004f176feb60, RBP=0x000002350315c100, RSI=0x0000000000000000, RDI=0x0000000000282d80
R8 =0x000000000000505b, R9 =0x0000000000000000, R10=0x0000000000000088, R11=0x0000004f176fefa0
R12=0x00000000000282d8, R13=0x0000000000000000, R14=0x0000000000000078, R15=0x0000023579d08490
RIP=0x00007ffc6aeb2570, EFLAGS=0x0000000000010247

Top of Stack: (sp=0x0000004f176feb60)
0x0000004f176feb60:   0000000000282d80 00007ffc6b0a6a5a
0x0000004f176feb70:   0000023552b08c80 000000000000000b
0x0000004f176feb80:   0000004f176fed80 0000004f176fee50
0x0000004f176feb90:   0000000000000002 0000004f176fee58
0x0000004f176feba0:   000002357a206b20 0000000000000000
0x0000004f176febb0:   0000000000282d80 0000000000000000
0x0000004f176febc0:   0000004f176fecd0 00007ffc6b865ac6
0x0000004f176febd0:   000002357a4989b0 000002357a00ee50
0x0000004f176febe0:   000002357a110e20 000002357a206b20
0x0000004f176febf0:   0000000000282d80 0000004f176fece0
0x0000004f176fec00:   0000000800000000 0000000000000000
0x0000004f176fec10:   0000004f3f4ccccd 0000000000000000
0x0000004f176fec20:   0000004f00000000 0000004f176fef30
0x0000004f176fec30:   ffffffffffffffff 00000000ffffffff
0x0000004f176fec40:   0000000000000000 0000000000000000
0x0000004f176fec50:   0000000000000015 0000000000000001 

Instructions: (pc=0x00007ffc6aeb2570)
0x00007ffc6aeb2470:   e7 0f 76 6d 48 89 5c 24 10 44 8b df 41 83 e3 f8
0x00007ffc6aeb2480:   8b df 41 2b db 4c 8b c2 41 c1 eb 03 4c 8b d1 45
0x00007ffc6aeb2490:   85 db 74 20 0f 1f 40 00 0f 1f 84 00 00 00 00 00
0x00007ffc6aeb24a0:   49 8b 00 49 83 c0 08 49 89 02 49 83 c2 08 41 83
0x00007ffc6aeb24b0:   c3 ff 75 ec 85 db 74 19 4d 2b d0 0f 1f 44 00 00
0x00007ffc6aeb24c0:   41 0f b6 00 43 88 04 02 4d 8d 40 01 83 c3 ff 75
0x00007ffc6aeb24d0:   ef 48 8b 5c 24 10 8b c7 48 03 c8 48 03 d0 4c 2b
0x00007ffc6aeb24e0:   c8 48 8b 3c 24 48 8b c2 83 e0 0f 49 81 f9 80 00
0x00007ffc6aeb24f0:   00 00 0f 82 c4 00 00 00 4d 8b c1 49 c1 e8 07 48
0x00007ffc6aeb2500:   85 c0 74 5a 49 6b c0 80 4c 03 c8 0f 1f 44 00 00
0x00007ffc6aeb2510:   0f 10 02 0f 2b 01 0f 10 4a 10 0f 2b 49 10 0f 10
0x00007ffc6aeb2520:   42 20 0f 2b 41 20 0f 10 4a 30 0f 2b 49 30 0f 10
0x00007ffc6aeb2530:   42 40 0f 2b 41 40 0f 10 4a 50 0f 2b 49 50 0f 10
0x00007ffc6aeb2540:   42 60 0f 2b 41 60 0f 10 4a 70 48 83 ea 80 0f 2b
0x00007ffc6aeb2550:   49 70 48 83 e9 80 49 83 e8 01 75 b4 eb 5e 49 6b
0x00007ffc6aeb2560:   c0 80 4c 03 c8 66 66 66 0f 1f 84 00 00 00 00 00
0x00007ffc6aeb2570:   0f 10 02 0f 2b 01 0f 10 4a 10 0f 2b 49 10 0f 10
0x00007ffc6aeb2580:   42 20 0f 2b 41 20 0f 10 4a 30 0f 2b 49 30 0f 10
0x00007ffc6aeb2590:   42 40 0f 2b 41 40 0f 10 4a 50 0f 2b 49 50 0f 10
0x00007ffc6aeb25a0:   42 60 0f 2b 41 60 0f 10 4a 70 48 83 ea 80 0f 2b
0x00007ffc6aeb25b0:   49 70 48 83 e9 80 49 83 e8 01 75 b4 0f ae f8 4d
0x00007ffc6aeb25c0:   85 c9 74 4c 45 8b c1 41 83 e0 f8 45 2b c8 41 c1
0x00007ffc6aeb25d0:   e8 03 45 85 c0 74 1d 66 0f 1f 84 00 00 00 00 00
0x00007ffc6aeb25e0:   48 8b 02 48 83 c2 08 48 89 01 48 83 c1 08 41 83
0x00007ffc6aeb25f0:   c0 ff 75 ec 45 85 c9 74 17 48 2b ca 0f 1f 40 00
0x00007ffc6aeb2600:   0f b6 02 88 04 11 48 8d 52 01 41 83 c1 ff 75 f0
0x00007ffc6aeb2610:   48 83 c4 08 c3 cc cc cc cc cc cc cc cc cc cc cc
0x00007ffc6aeb2620:   48 89 5c 24 08 57 48 83 ec 10 44 8b d9 49 8b f8
0x00007ffc6aeb2630:   4c 8b c2 49 8b d9 f6 c2 03 0f 85 d0 01 00 00 f3
0x00007ffc6aeb2640:   41 0f 6f 10 48 8b c2 41 ba 08 00 00 00 66 0f 6f
0x00007ffc6aeb2650:   25 9b f0 dc 01 41 8b d3 48 d1 e8 66 0f ef d4 83
0x00007ffc6aeb2660:   e0 07 4c 2b d0 49 2b d2 48 ff ca 48 c1 ea 03 4c 


Stack slot to memory mapping:
stack at sp + 0 slots: 0x0000000000282d80 is an unknown value
stack at sp + 1 slots: 0x00007ffc6b0a6a5a atio6axx.dll
stack at sp + 2 slots: 0x0000023552b08c80 is a thread
stack at sp + 3 slots: 0x000000000000000b is an unknown value
stack at sp + 4 slots: 0x0000004f176fed80 is pointing into the stack for thread: 0x0000023552b08c80
stack at sp + 5 slots: 0x0000004f176fee50 is pointing into the stack for thread: 0x0000023552b08c80
stack at sp + 6 slots: 0x0000000000000002 is an unknown value
stack at sp + 7 slots: 0x0000004f176fee58 is pointing into the stack for thread: 0x0000023552b08c80


---------------  P R O C E S S  ---------------

Threads class SMR info:
_java_thread_list=0x000002357f81f920, length=14, elements={
0x0000023552b08c80, 0x000002357668e5e0, 0x0000023576e912b0, 0x0000023576ea74c0,
0x0000023576ea9e90, 0x0000023576eab950, 0x0000023576eac7e0, 0x0000023576eb1890,
0x0000023576ebd6b0, 0x0000023576673d20, 0x0000023577168e70, 0x0000023577169340,
0x000002357f3121e0, 0x0000023502a18a20
}

Java Threads: ( => current thread )
=>0x0000023552b08c80 JavaThread "main" [_thread_in_native, id=4052, stack(0x0000004f17600000,0x0000004f17700000)]
  0x000002357668e5e0 JavaThread "Reference Handler" daemon [_thread_blocked, id=15848, stack(0x0000004f17d00000,0x0000004f17e00000)]
  0x0000023576e912b0 JavaThread "Finalizer" daemon [_thread_blocked, id=16580, stack(0x0000004f17e00000,0x0000004f17f00000)]
  0x0000023576ea74c0 JavaThread "Signal Dispatcher" daemon [_thread_blocked, id=5064, stack(0x0000004f17f00000,0x0000004f18000000)]
  0x0000023576ea9e90 JavaThread "Attach Listener" daemon [_thread_blocked, id=8372, stack(0x0000004f18000000,0x0000004f18100000)]
  0x0000023576eab950 JavaThread "Service Thread" daemon [_thread_blocked, id=9656, stack(0x0000004f18100000,0x0000004f18200000)]
  0x0000023576eac7e0 JavaThread "C2 CompilerThread0" daemon [_thread_blocked, id=7464, stack(0x0000004f18200000,0x0000004f18300000)]
  0x0000023576eb1890 JavaThread "C1 CompilerThread0" daemon [_thread_blocked, id=13740, stack(0x0000004f18300000,0x0000004f18400000)]
  0x0000023576ebd6b0 JavaThread "Sweeper thread" daemon [_thread_blocked, id=11108, stack(0x0000004f18400000,0x0000004f18500000)]
  0x0000023576673d20 JavaThread "Common-Cleaner" daemon [_thread_blocked, id=18744, stack(0x0000004f18500000,0x0000004f18600000)]
  0x0000023577168e70 JavaThread "Monitor Ctrl-Break" daemon [_thread_in_native, id=4288, stack(0x0000004f18600000,0x0000004f18700000)]
  0x0000023577169340 JavaThread "Notification Thread" daemon [_thread_blocked, id=19220, stack(0x0000004f18700000,0x0000004f18800000)]
  0x000002357f3121e0 JavaThread "C2 CompilerThread1" daemon [_thread_blocked, id=18532, stack(0x0000004f18900000,0x0000004f18a00000)]
  0x0000023502a18a20 JavaThread "C2 CompilerThread2" daemon [_thread_blocked, id=19392, stack(0x0000004f19200000,0x0000004f19300000)]

Other Threads:
  0x000002357668bd60 VMThread "VM Thread" [stack: 0x0000004f17c00000,0x0000004f17d00000] [id=1104]
  0x0000023577201c20 WatcherThread [stack: 0x0000004f18800000,0x0000004f18900000] [id=14160]
  0x0000023552b5ba60 GCTaskThread "GC Thread#0" [stack: 0x0000004f17700000,0x0000004f17800000] [id=16664]
  0x00000235776d6260 GCTaskThread "GC Thread#1" [stack: 0x0000004f18d00000,0x0000004f18e00000] [id=11192]
  0x00000235776d5c00 GCTaskThread "GC Thread#2" [stack: 0x0000004f18e00000,0x0000004f18f00000] [id=17788]
  0x00000235776d38f0 GCTaskThread "GC Thread#3" [stack: 0x0000004f18f00000,0x0000004f19000000] [id=17332]
  0x00000235776d4f40 GCTaskThread "GC Thread#4" [stack: 0x0000004f19000000,0x0000004f19100000] [id=8540]
  0x00000235776d4c10 GCTaskThread "GC Thread#5" [stack: 0x0000004f19100000,0x0000004f19200000] [id=10300]
  0x0000023552b6ca40 ConcurrentGCThread "G1 Main Marker" [stack: 0x0000004f17800000,0x0000004f17900000] [id=12088]
  0x0000023552b6ddd0 ConcurrentGCThread "G1 Conc#0" [stack: 0x0000004f17900000,0x0000004f17a00000] [id=13616]
  0x0000023552bcb540 ConcurrentGCThread "G1 Refine#0" [stack: 0x0000004f17a00000,0x0000004f17b00000] [id=19108]
  0x0000023576512790 ConcurrentGCThread "G1 Young RemSet Sampling" [stack: 0x0000004f17b00000,0x0000004f17c00000] [id=16632]

Threads with active compile tasks:

VM state: not at safepoint (normal execution)

VM Mutex/Monitor currently owned by a thread: None

Heap address: 0x0000000701600000, size: 4074 MB, Compressed Oops mode: Zero based, Oop shift amount: 3
CDS archive(s) mapped at: [0x0000000800000000-0x0000000800b50000-0x0000000800b50000), size 11862016, SharedBaseAddress: 0x0000000800000000, ArchiveRelocationMode: 0.
Compressed class space mapped at: 0x0000000800b50000-0x0000000840b50000, size: 1073741824
Narrow klass base: 0x0000000800000000, Narrow klass shift: 3, Narrow klass range: 0x100000000

GC Precious Log:
 CPUs: 12 total, 12 available
 Memory: 16295M
 Large Page Support: Disabled
 NUMA Support: Disabled
 Compressed Oops: Enabled (Zero based)
 Heap Region Size: 2M
 Heap Min Capacity: 8M
 Heap Initial Capacity: 256M
 Heap Max Capacity: 4074M
 Pre-touch: Disabled
 Parallel Workers: 10
 Concurrent Workers: 3
 Concurrent Refinement Workers: 10
 Periodic GC: Disabled

Heap:
 garbage-first heap   total 262144K, used 29576K [0x0000000701600000, 0x0000000800000000)
  region size 2048K, 15 young (30720K), 5 survivors (10240K)
 Metaspace       used 7770K, capacity 9066K, committed 9216K, reserved 1058816K
  class space    used 460K, capacity 653K, committed 768K, reserved 1048576K

Heap Regions: E=young(eden), S=young(survivor), O=old, HS=humongous(starts), HC=humongous(continues), CS=collection set, F=free, OA=open archive, CA=closed archive, TAMS=top-at-mark-start (previous, next)
|   0|0x0000000701600000, 0x0000000701800000, 0x0000000701800000|100%|HS|  |TAMS 0x0000000701600000, 0x0000000701600000| Complete 
|   1|0x0000000701800000, 0x0000000701a00000, 0x0000000701a00000|100%|HC|  |TAMS 0x0000000701800000, 0x0000000701800000| Complete 
|   2|0x0000000701a00000, 0x0000000701a00000, 0x0000000701c00000|  0%| F|  |TAMS 0x0000000701a00000, 0x0000000701a00000| Untracked 
|   3|0x0000000701c00000, 0x0000000701c00000, 0x0000000701e00000|  0%| F|  |TAMS 0x0000000701c00000, 0x0000000701c00000| Untracked 
|   4|0x0000000701e00000, 0x0000000701e00000, 0x0000000702000000|  0%| F|  |TAMS 0x0000000701e00000, 0x0000000701e00000| Untracked 
|   5|0x0000000702000000, 0x0000000702000000, 0x0000000702200000|  0%| F|  |TAMS 0x0000000702000000, 0x0000000702000000| Untracked 
|   6|0x0000000702200000, 0x0000000702200000, 0x0000000702400000|  0%| F|  |TAMS 0x0000000702200000, 0x0000000702200000| Untracked 
|   7|0x0000000702400000, 0x0000000702400000, 0x0000000702600000|  0%| F|  |TAMS 0x0000000702400000, 0x0000000702400000| Untracked 
|   8|0x0000000702600000, 0x0000000702600000, 0x0000000702800000|  0%| F|  |TAMS 0x0000000702600000, 0x0000000702600000| Untracked 
|   9|0x0000000702800000, 0x0000000702800000, 0x0000000702a00000|  0%| F|  |TAMS 0x0000000702800000, 0x0000000702800000| Untracked 
|  10|0x0000000702a00000, 0x0000000702a00000, 0x0000000702c00000|  0%| F|  |TAMS 0x0000000702a00000, 0x0000000702a00000| Untracked 
|  11|0x0000000702c00000, 0x0000000702c00000, 0x0000000702e00000|  0%| F|  |TAMS 0x0000000702c00000, 0x0000000702c00000| Untracked 
|  12|0x0000000702e00000, 0x0000000702e00000, 0x0000000703000000|  0%| F|  |TAMS 0x0000000702e00000, 0x0000000702e00000| Untracked 
|  13|0x0000000703000000, 0x0000000703000000, 0x0000000703200000|  0%| F|  |TAMS 0x0000000703000000, 0x0000000703000000| Untracked 
|  14|0x0000000703200000, 0x0000000703200000, 0x0000000703400000|  0%| F|  |TAMS 0x0000000703200000, 0x0000000703200000| Untracked 
|  15|0x0000000703400000, 0x0000000703400000, 0x0000000703600000|  0%| F|  |TAMS 0x0000000703400000, 0x0000000703400000| Untracked 
|  16|0x0000000703600000, 0x0000000703600000, 0x0000000703800000|  0%| F|  |TAMS 0x0000000703600000, 0x0000000703600000| Untracked 
|  17|0x0000000703800000, 0x0000000703800000, 0x0000000703a00000|  0%| F|  |TAMS 0x0000000703800000, 0x0000000703800000| Untracked 
|  18|0x0000000703a00000, 0x0000000703a00000, 0x0000000703c00000|  0%| F|  |TAMS 0x0000000703a00000, 0x0000000703a00000| Untracked 
|  19|0x0000000703c00000, 0x0000000703c00000, 0x0000000703e00000|  0%| F|  |TAMS 0x0000000703c00000, 0x0000000703c00000| Untracked 
|  20|0x0000000703e00000, 0x0000000703e00000, 0x0000000704000000|  0%| F|  |TAMS 0x0000000703e00000, 0x0000000703e00000| Untracked 
|  21|0x0000000704000000, 0x0000000704000000, 0x0000000704200000|  0%| F|  |TAMS 0x0000000704000000, 0x0000000704000000| Untracked 
|  22|0x0000000704200000, 0x0000000704200000, 0x0000000704400000|  0%| F|  |TAMS 0x0000000704200000, 0x0000000704200000| Untracked 
|  23|0x0000000704400000, 0x0000000704400000, 0x0000000704600000|  0%| F|  |TAMS 0x0000000704400000, 0x0000000704400000| Untracked 
|  24|0x0000000704600000, 0x0000000704600000, 0x0000000704800000|  0%| F|  |TAMS 0x0000000704600000, 0x0000000704600000| Untracked 
|  25|0x0000000704800000, 0x0000000704800000, 0x0000000704a00000|  0%| F|  |TAMS 0x0000000704800000, 0x0000000704800000| Untracked 
|  26|0x0000000704a00000, 0x0000000704a00000, 0x0000000704c00000|  0%| F|  |TAMS 0x0000000704a00000, 0x0000000704a00000| Untracked 
|  27|0x0000000704c00000, 0x0000000704c00000, 0x0000000704e00000|  0%| F|  |TAMS 0x0000000704c00000, 0x0000000704c00000| Untracked 
|  28|0x0000000704e00000, 0x0000000704e00000, 0x0000000705000000|  0%| F|  |TAMS 0x0000000704e00000, 0x0000000704e00000| Untracked 
|  29|0x0000000705000000, 0x0000000705000000, 0x0000000705200000|  0%| F|  |TAMS 0x0000000705000000, 0x0000000705000000| Untracked 
|  30|0x0000000705200000, 0x0000000705200000, 0x0000000705400000|  0%| F|  |TAMS 0x0000000705200000, 0x0000000705200000| Untracked 
|  31|0x0000000705400000, 0x0000000705400000, 0x0000000705600000|  0%| F|  |TAMS 0x0000000705400000, 0x0000000705400000| Untracked 
|  32|0x0000000705600000, 0x0000000705600000, 0x0000000705800000|  0%| F|  |TAMS 0x0000000705600000, 0x0000000705600000| Untracked 
|  33|0x0000000705800000, 0x0000000705800000, 0x0000000705a00000|  0%| F|  |TAMS 0x0000000705800000, 0x0000000705800000| Untracked 
|  34|0x0000000705a00000, 0x0000000705a00000, 0x0000000705c00000|  0%| F|  |TAMS 0x0000000705a00000, 0x0000000705a00000| Untracked 
|  35|0x0000000705c00000, 0x0000000705c00000, 0x0000000705e00000|  0%| F|  |TAMS 0x0000000705c00000, 0x0000000705c00000| Untracked 
|  36|0x0000000705e00000, 0x0000000705e00000, 0x0000000706000000|  0%| F|  |TAMS 0x0000000705e00000, 0x0000000705e00000| Untracked 
|  37|0x0000000706000000, 0x0000000706000000, 0x0000000706200000|  0%| F|  |TAMS 0x0000000706000000, 0x0000000706000000| Untracked 
|  38|0x0000000706200000, 0x0000000706200000, 0x0000000706400000|  0%| F|  |TAMS 0x0000000706200000, 0x0000000706200000| Untracked 
|  39|0x0000000706400000, 0x0000000706400000, 0x0000000706600000|  0%| F|  |TAMS 0x0000000706400000, 0x0000000706400000| Untracked 
|  40|0x0000000706600000, 0x0000000706600000, 0x0000000706800000|  0%| F|  |TAMS 0x0000000706600000, 0x0000000706600000| Untracked 
|  41|0x0000000706800000, 0x0000000706800000, 0x0000000706a00000|  0%| F|  |TAMS 0x0000000706800000, 0x0000000706800000| Untracked 
|  42|0x0000000706a00000, 0x0000000706a00000, 0x0000000706c00000|  0%| F|  |TAMS 0x0000000706a00000, 0x0000000706a00000| Untracked 
|  43|0x0000000706c00000, 0x0000000706c00000, 0x0000000706e00000|  0%| F|  |TAMS 0x0000000706c00000, 0x0000000706c00000| Untracked 
|  44|0x0000000706e00000, 0x0000000706e00000, 0x0000000707000000|  0%| F|  |TAMS 0x0000000706e00000, 0x0000000706e00000| Untracked 
|  45|0x0000000707000000, 0x0000000707000000, 0x0000000707200000|  0%| F|  |TAMS 0x0000000707000000, 0x0000000707000000| Untracked 
|  46|0x0000000707200000, 0x0000000707200000, 0x0000000707400000|  0%| F|  |TAMS 0x0000000707200000, 0x0000000707200000| Untracked 
|  47|0x0000000707400000, 0x0000000707400000, 0x0000000707600000|  0%| F|  |TAMS 0x0000000707400000, 0x0000000707400000| Untracked 
|  48|0x0000000707600000, 0x0000000707600000, 0x0000000707800000|  0%| F|  |TAMS 0x0000000707600000, 0x0000000707600000| Untracked 
|  49|0x0000000707800000, 0x00000007078e22c0, 0x0000000707a00000| 44%| S|CS|TAMS 0x0000000707800000, 0x0000000707800000| Complete 
|  50|0x0000000707a00000, 0x0000000707c00000, 0x0000000707c00000|100%| S|CS|TAMS 0x0000000707a00000, 0x0000000707a00000| Complete 
|  51|0x0000000707c00000, 0x0000000707e00000, 0x0000000707e00000|100%| S|CS|TAMS 0x0000000707c00000, 0x0000000707c00000| Complete 
|  52|0x0000000707e00000, 0x0000000708000000, 0x0000000708000000|100%| S|CS|TAMS 0x0000000707e00000, 0x0000000707e00000| Complete 
|  53|0x0000000708000000, 0x0000000708200000, 0x0000000708200000|100%| S|CS|TAMS 0x0000000708000000, 0x0000000708000000| Complete 
|  54|0x0000000708200000, 0x0000000708200000, 0x0000000708400000|  0%| F|  |TAMS 0x0000000708200000, 0x0000000708200000| Untracked 
|  55|0x0000000708400000, 0x0000000708400000, 0x0000000708600000|  0%| F|  |TAMS 0x0000000708400000, 0x0000000708400000| Untracked 
|  56|0x0000000708600000, 0x0000000708600000, 0x0000000708800000|  0%| F|  |TAMS 0x0000000708600000, 0x0000000708600000| Untracked 
|  57|0x0000000708800000, 0x0000000708800000, 0x0000000708a00000|  0%| F|  |TAMS 0x0000000708800000, 0x0000000708800000| Untracked 
|  58|0x0000000708a00000, 0x0000000708a00000, 0x0000000708c00000|  0%| F|  |TAMS 0x0000000708a00000, 0x0000000708a00000| Untracked 
|  59|0x0000000708c00000, 0x0000000708c00000, 0x0000000708e00000|  0%| F|  |TAMS 0x0000000708c00000, 0x0000000708c00000| Untracked 
|  60|0x0000000708e00000, 0x0000000708e00000, 0x0000000709000000|  0%| F|  |TAMS 0x0000000708e00000, 0x0000000708e00000| Untracked 
|  61|0x0000000709000000, 0x0000000709000000, 0x0000000709200000|  0%| F|  |TAMS 0x0000000709000000, 0x0000000709000000| Untracked 
|  62|0x0000000709200000, 0x0000000709200000, 0x0000000709400000|  0%| F|  |TAMS 0x0000000709200000, 0x0000000709200000| Untracked 
|  63|0x0000000709400000, 0x0000000709400000, 0x0000000709600000|  0%| F|  |TAMS 0x0000000709400000, 0x0000000709400000| Untracked 
|  64|0x0000000709600000, 0x0000000709600000, 0x0000000709800000|  0%| F|  |TAMS 0x0000000709600000, 0x0000000709600000| Untracked 
|  65|0x0000000709800000, 0x0000000709800000, 0x0000000709a00000|  0%| F|  |TAMS 0x0000000709800000, 0x0000000709800000| Untracked 
|  66|0x0000000709a00000, 0x0000000709a00000, 0x0000000709c00000|  0%| F|  |TAMS 0x0000000709a00000, 0x0000000709a00000| Untracked 
|  67|0x0000000709c00000, 0x0000000709c00000, 0x0000000709e00000|  0%| F|  |TAMS 0x0000000709c00000, 0x0000000709c00000| Untracked 
|  68|0x0000000709e00000, 0x0000000709e00000, 0x000000070a000000|  0%| F|  |TAMS 0x0000000709e00000, 0x0000000709e00000| Untracked 
|  69|0x000000070a000000, 0x000000070a000000, 0x000000070a200000|  0%| F|  |TAMS 0x000000070a000000, 0x000000070a000000| Untracked 
|  70|0x000000070a200000, 0x000000070a200000, 0x000000070a400000|  0%| F|  |TAMS 0x000000070a200000, 0x000000070a200000| Untracked 
|  71|0x000000070a400000, 0x000000070a400000, 0x000000070a600000|  0%| F|  |TAMS 0x000000070a400000, 0x000000070a400000| Untracked 
|  72|0x000000070a600000, 0x000000070a600000, 0x000000070a800000|  0%| F|  |TAMS 0x000000070a600000, 0x000000070a600000| Untracked 
|  73|0x000000070a800000, 0x000000070a800000, 0x000000070aa00000|  0%| F|  |TAMS 0x000000070a800000, 0x000000070a800000| Untracked 
|  74|0x000000070aa00000, 0x000000070aa00000, 0x000000070ac00000|  0%| F|  |TAMS 0x000000070aa00000, 0x000000070aa00000| Untracked 
|  75|0x000000070ac00000, 0x000000070ac00000, 0x000000070ae00000|  0%| F|  |TAMS 0x000000070ac00000, 0x000000070ac00000| Untracked 
|  76|0x000000070ae00000, 0x000000070ae00000, 0x000000070b000000|  0%| F|  |TAMS 0x000000070ae00000, 0x000000070ae00000| Untracked 
|  77|0x000000070b000000, 0x000000070b000000, 0x000000070b200000|  0%| F|  |TAMS 0x000000070b000000, 0x000000070b000000| Untracked 
|  78|0x000000070b200000, 0x000000070b200000, 0x000000070b400000|  0%| F|  |TAMS 0x000000070b200000, 0x000000070b200000| Untracked 
|  79|0x000000070b400000, 0x000000070b400000, 0x000000070b600000|  0%| F|  |TAMS 0x000000070b400000, 0x000000070b400000| Untracked 
|  80|0x000000070b600000, 0x000000070b600000, 0x000000070b800000|  0%| F|  |TAMS 0x000000070b600000, 0x000000070b600000| Untracked 
|  81|0x000000070b800000, 0x000000070b800000, 0x000000070ba00000|  0%| F|  |TAMS 0x000000070b800000, 0x000000070b800000| Untracked 
|  82|0x000000070ba00000, 0x000000070ba00000, 0x000000070bc00000|  0%| F|  |TAMS 0x000000070ba00000, 0x000000070ba00000| Untracked 
|  83|0x000000070bc00000, 0x000000070bc00000, 0x000000070be00000|  0%| F|  |TAMS 0x000000070bc00000, 0x000000070bc00000| Untracked 
|  84|0x000000070be00000, 0x000000070be00000, 0x000000070c000000|  0%| F|  |TAMS 0x000000070be00000, 0x000000070be00000| Untracked 
|  85|0x000000070c000000, 0x000000070c000000, 0x000000070c200000|  0%| F|  |TAMS 0x000000070c000000, 0x000000070c000000| Untracked 
|  86|0x000000070c200000, 0x000000070c200000, 0x000000070c400000|  0%| F|  |TAMS 0x000000070c200000, 0x000000070c200000| Untracked 
|  87|0x000000070c400000, 0x000000070c400000, 0x000000070c600000|  0%| F|  |TAMS 0x000000070c400000, 0x000000070c400000| Untracked 
|  88|0x000000070c600000, 0x000000070c600000, 0x000000070c800000|  0%| F|  |TAMS 0x000000070c600000, 0x000000070c600000| Untracked 
|  89|0x000000070c800000, 0x000000070c800000, 0x000000070ca00000|  0%| F|  |TAMS 0x000000070c800000, 0x000000070c800000| Untracked 
|  90|0x000000070ca00000, 0x000000070ca00000, 0x000000070cc00000|  0%| F|  |TAMS 0x000000070ca00000, 0x000000070ca00000| Untracked 
|  91|0x000000070cc00000, 0x000000070cc00000, 0x000000070ce00000|  0%| F|  |TAMS 0x000000070cc00000, 0x000000070cc00000| Untracked 
|  92|0x000000070ce00000, 0x000000070ce00000, 0x000000070d000000|  0%| F|  |TAMS 0x000000070ce00000, 0x000000070ce00000| Untracked 
|  93|0x000000070d000000, 0x000000070d000000, 0x000000070d200000|  0%| F|  |TAMS 0x000000070d000000, 0x000000070d000000| Untracked 
|  94|0x000000070d200000, 0x000000070d200000, 0x000000070d400000|  0%| F|  |TAMS 0x000000070d200000, 0x000000070d200000| Untracked 
|  95|0x000000070d400000, 0x000000070d400000, 0x000000070d600000|  0%| F|  |TAMS 0x000000070d400000, 0x000000070d400000| Untracked 
|  96|0x000000070d600000, 0x000000070d600000, 0x000000070d800000|  0%| F|  |TAMS 0x000000070d600000, 0x000000070d600000| Untracked 
|  97|0x000000070d800000, 0x000000070d800000, 0x000000070da00000|  0%| F|  |TAMS 0x000000070d800000, 0x000000070d800000| Untracked 
|  98|0x000000070da00000, 0x000000070da00000, 0x000000070dc00000|  0%| F|  |TAMS 0x000000070da00000, 0x000000070da00000| Untracked 
|  99|0x000000070dc00000, 0x000000070dc00000, 0x000000070de00000|  0%| F|  |TAMS 0x000000070dc00000, 0x000000070dc00000| Untracked 
| 100|0x000000070de00000, 0x000000070de00000, 0x000000070e000000|  0%| F|  |TAMS 0x000000070de00000, 0x000000070de00000| Untracked 
| 101|0x000000070e000000, 0x000000070e000000, 0x000000070e200000|  0%| F|  |TAMS 0x000000070e000000, 0x000000070e000000| Untracked 
| 102|0x000000070e200000, 0x000000070e200000, 0x000000070e400000|  0%| F|  |TAMS 0x000000070e200000, 0x000000070e200000| Untracked 
| 103|0x000000070e400000, 0x000000070e400000, 0x000000070e600000|  0%| F|  |TAMS 0x000000070e400000, 0x000000070e400000| Untracked 
| 104|0x000000070e600000, 0x000000070e600000, 0x000000070e800000|  0%| F|  |TAMS 0x000000070e600000, 0x000000070e600000| Untracked 
| 105|0x000000070e800000, 0x000000070e800000, 0x000000070ea00000|  0%| F|  |TAMS 0x000000070e800000, 0x000000070e800000| Untracked 
| 106|0x000000070ea00000, 0x000000070ea00000, 0x000000070ec00000|  0%| F|  |TAMS 0x000000070ea00000, 0x000000070ea00000| Untracked 
| 107|0x000000070ec00000, 0x000000070ec00000, 0x000000070ee00000|  0%| F|  |TAMS 0x000000070ec00000, 0x000000070ec00000| Untracked 
| 108|0x000000070ee00000, 0x000000070ee00000, 0x000000070f000000|  0%| F|  |TAMS 0x000000070ee00000, 0x000000070ee00000| Untracked 
| 109|0x000000070f000000, 0x000000070f000000, 0x000000070f200000|  0%| F|  |TAMS 0x000000070f000000, 0x000000070f000000| Untracked 
| 110|0x000000070f200000, 0x000000070f200000, 0x000000070f400000|  0%| F|  |TAMS 0x000000070f200000, 0x000000070f200000| Untracked 
| 111|0x000000070f400000, 0x000000070f400000, 0x000000070f600000|  0%| F|  |TAMS 0x000000070f400000, 0x000000070f400000| Untracked 
| 112|0x000000070f600000, 0x000000070f600000, 0x000000070f800000|  0%| F|  |TAMS 0x000000070f600000, 0x000000070f600000| Untracked 
| 113|0x000000070f800000, 0x000000070f800000, 0x000000070fa00000|  0%| F|  |TAMS 0x000000070f800000, 0x000000070f800000| Untracked 
| 114|0x000000070fa00000, 0x000000070fa00000, 0x000000070fc00000|  0%| F|  |TAMS 0x000000070fa00000, 0x000000070fa00000| Untracked 
| 115|0x000000070fc00000, 0x000000070fc00000, 0x000000070fe00000|  0%| F|  |TAMS 0x000000070fc00000, 0x000000070fc00000| Untracked 
| 116|0x000000070fe00000, 0x000000070fe00000, 0x0000000710000000|  0%| F|  |TAMS 0x000000070fe00000, 0x000000070fe00000| Untracked 
| 117|0x0000000710000000, 0x0000000710000000, 0x0000000710200000|  0%| F|  |TAMS 0x0000000710000000, 0x0000000710000000| Untracked 
| 118|0x0000000710200000, 0x0000000710278898, 0x0000000710400000| 23%| E|  |TAMS 0x0000000710200000, 0x0000000710200000| Complete 
| 119|0x0000000710400000, 0x00000007105f1930, 0x0000000710600000| 97%| E|  |TAMS 0x0000000710400000, 0x0000000710400000| Complete 
| 120|0x0000000710600000, 0x0000000710800000, 0x0000000710800000|100%| E|CS|TAMS 0x0000000710600000, 0x0000000710600000| Complete 
| 121|0x0000000710800000, 0x0000000710a00000, 0x0000000710a00000|100%| E|CS|TAMS 0x0000000710800000, 0x0000000710800000| Complete 
| 122|0x0000000710a00000, 0x0000000710c00000, 0x0000000710c00000|100%| E|CS|TAMS 0x0000000710a00000, 0x0000000710a00000| Complete 
| 123|0x0000000710c00000, 0x0000000710e00000, 0x0000000710e00000|100%| E|CS|TAMS 0x0000000710c00000, 0x0000000710c00000| Complete 
| 124|0x0000000710e00000, 0x0000000711000000, 0x0000000711000000|100%| E|CS|TAMS 0x0000000710e00000, 0x0000000710e00000| Complete 
| 125|0x0000000711000000, 0x0000000711200000, 0x0000000711200000|100%| E|CS|TAMS 0x0000000711000000, 0x0000000711000000| Complete 
| 126|0x0000000711200000, 0x0000000711400000, 0x0000000711400000|100%| E|CS|TAMS 0x0000000711200000, 0x0000000711200000| Complete 
| 127|0x0000000711400000, 0x0000000711600000, 0x0000000711600000|100%| E|CS|TAMS 0x0000000711400000, 0x0000000711400000| Complete 

Card table byte_map: [0x000002356aa90000,0x000002356b290000] _byte_map_base: 0x0000023567285000

Marking Bits (Prev, Next): (CMBitMap*) 0x0000023552b5c250, (CMBitMap*) 0x0000023552b5c290
 Prev Bits: [0x000002356ba90000, 0x000002356fa38000)
 Next Bits: [0x000002356fa40000, 0x00000235739e8000)

Polling page: 0x0000023550a60000

Metaspace:

Usage:
  Non-class:      8.22 MB capacity,     7.14 MB ( 87%) used,     1.06 MB ( 13%) free+waste,    13.38 KB ( <1%) overhead. 
      Class:    653.00 KB capacity,   460.85 KB ( 71%) used,   187.27 KB ( 29%) free+waste,     4.88 KB ( <1%) overhead. 
       Both:      8.85 MB capacity,     7.59 MB ( 86%) used,     1.25 MB ( 14%) free+waste,    18.25 KB ( <1%) overhead. 

Virtual space:
  Non-class space:       10.00 MB reserved,       8.25 MB ( 82%) committed 
      Class space:        1.00 GB reserved,     768.00 KB ( <1%) committed 
             Both:        1.01 GB reserved,       9.00 MB ( <1%) committed 

Chunk freelists:
   Non-Class:  35.00 KB
       Class:  19.00 KB
        Both:  54.00 KB

MaxMetaspaceSize: 17179869184.00 GB
CompressedClassSpaceSize: 1.00 GB

CodeHeap 'non-profiled nmethods': size=120000Kb used=703Kb max_used=703Kb free=119296Kb
 bounds [0x0000023562810000, 0x0000023562a80000, 0x0000023569d40000]
CodeHeap 'profiled nmethods': size=120000Kb used=2654Kb max_used=2654Kb free=117345Kb
 bounds [0x000002355b2e0000, 0x000002355b580000, 0x0000023562810000]
CodeHeap 'non-nmethods': size=5760Kb used=1606Kb max_used=1649Kb free=4153Kb
 bounds [0x000002355ad40000, 0x000002355afb0000, 0x000002355b2e0000]
 total_blobs=2312 nmethods=1316 adapters=909
 compilation: enabled
              stopped_count=0, restarted_count=0
 full_count=0

Compilation events (20 events):
Event: 1.216 Thread 0x0000023576eb1890 1310       3       jdk.internal.misc.Unsafe::putFloat (8 bytes)
Event: 1.216 Thread 0x0000023576eb1890 nmethod 1310 0x000002355b550410 code [0x000002355b5505a0, 0x000002355b5506b8]
Event: 1.216 Thread 0x0000023576eb1890 1309   !   3       java.nio.DirectFloatBufferU::put (35 bytes)
Event: 1.217 Thread 0x0000023576eb1890 nmethod 1309 0x000002355b550790 code [0x000002355b5509a0, 0x000002355b550f48]
Event: 1.217 Thread 0x0000023576eb1890 1314 % !   3       lwjglutils.OGLModelOBJ::<init> @ 394 (1027 bytes)
Event: 1.218 Thread 0x000002357f3121e0 nmethod 1307 0x00000235628b3410 code [0x00000235628b35a0, 0x00000235628b38f8]
Event: 1.218 Thread 0x000002357f3121e0 1312       4       jdk.internal.misc.Unsafe::putFloat (8 bytes)
Event: 1.218 Thread 0x000002357f3121e0 nmethod 1312 0x00000235628b3d90 code [0x00000235628b3f00, 0x00000235628b3f78]
Event: 1.218 Thread 0x000002357f3121e0 1313   !   4       java.nio.DirectFloatBufferU::put (35 bytes)
Event: 1.218 Thread 0x000002357f3121e0 nmethod 1313 0x00000235628b4090 code [0x00000235628b4200, 0x00000235628b42d8]
Event: 1.218 Thread 0x000002357f3121e0 1298       4       java.nio.ByteOrder::nativeOrder (4 bytes)
Event: 1.218 Thread 0x000002357f3121e0 nmethod 1298 0x00000235628b4410 code [0x00000235628b4580, 0x00000235628b45d8]
Event: 1.221 Thread 0x0000023576eb1890 nmethod 1314% 0x000002355b551290 code [0x000002355b551e60, 0x000002355b55b1d8]
Event: 1.221 Thread 0x0000023576eb1890 1315   !   3       lwjglutils.OGLModelOBJ::<init> (1027 bytes)
Event: 1.223 Thread 0x0000023576eb1890 nmethod 1315 0x000002355b55e090 code [0x000002355b55ec40, 0x000002355b567cf8]
Event: 1.224 Thread 0x0000023576eb1890 1316 % !   3       lwjglutils.OGLModelOBJ::<init> @ 411 (1027 bytes)
Event: 1.226 Thread 0x0000023576eb1890 nmethod 1316% 0x000002355b56aa10 code [0x000002355b56b5e0, 0x000002355b574998]
Event: 1.227 Thread 0x000002357f3121e0 1317 % !   4       lwjglutils.OGLModelOBJ::<init> @ 844 (1027 bytes)
Event: 1.231 Thread 0x0000023576eac7e0 nmethod 1290 0x00000235628b4710 code [0x00000235628b4a60, 0x00000235628b7bc0]
Event: 1.236 Thread 0x000002357f3121e0 nmethod 1317% 0x00000235628b9c10 code [0x00000235628b9e00, 0x00000235628ba998]

GC Heap History (6 events):
Event: 0.848 GC heap before
{Heap before GC invocations=0 (full 0):
 garbage-first heap   total 262144K, used 22528K [0x0000000701600000, 0x0000000800000000)
  region size 2048K, 11 young (22528K), 0 survivors (0K)
 Metaspace       used 6339K, capacity 8763K, committed 9088K, reserved 1058816K
  class space    used 355K, capacity 597K, committed 640K, reserved 1048576K
}
Event: 0.850 GC heap after
{Heap after GC invocations=1 (full 0):
 garbage-first heap   total 262144K, used 2963K [0x0000000701600000, 0x0000000800000000)
  region size 2048K, 2 young (4096K), 2 survivors (4096K)
 Metaspace       used 6339K, capacity 8763K, committed 9088K, reserved 1058816K
  class space    used 355K, capacity 597K, committed 640K, reserved 1048576K
}
Event: 1.026 GC heap before
{Heap before GC invocations=1 (full 0):
 garbage-first heap   total 262144K, used 37779K [0x0000000701600000, 0x0000000800000000)
  region size 2048K, 17 young (34816K), 2 survivors (4096K)
 Metaspace       used 7672K, capacity 9059K, committed 9216K, reserved 1058816K
  class space    used 459K, capacity 653K, committed 768K, reserved 1048576K
}
Event: 1.029 GC heap after
{Heap after GC invocations=2 (full 0):
 garbage-first heap   total 262144K, used 8406K [0x0000000701600000, 0x0000000800000000)
  region size 2048K, 3 young (6144K), 3 survivors (6144K)
 Metaspace       used 7672K, capacity 9059K, committed 9216K, reserved 1058816K
  class space    used 459K, capacity 653K, committed 768K, reserved 1048576K
}
Event: 1.179 GC heap before
{Heap before GC invocations=2 (full 0):
 garbage-first heap   total 262144K, used 153814K [0x0000000701600000, 0x0000000800000000)
  region size 2048K, 74 young (151552K), 3 survivors (6144K)
 Metaspace       used 7736K, capacity 9060K, committed 9216K, reserved 1058816K
  class space    used 460K, capacity 653K, committed 768K, reserved 1048576K
}
Event: 1.184 GC heap after
{Heap after GC invocations=3 (full 0):
 garbage-first heap   total 262144K, used 13192K [0x0000000701600000, 0x0000000800000000)
  region size 2048K, 5 young (10240K), 5 survivors (10240K)
 Metaspace       used 7736K, capacity 9060K, committed 9216K, reserved 1058816K
  class space    used 460K, capacity 653K, committed 768K, reserved 1048576K
}

Deoptimization events (20 events):
Event: 1.141 Thread 0x0000023552b08c80 DEOPT PACKING pc=0x000002355b52b414 sp=0x0000004f176fef30
Event: 1.141 Thread 0x0000023552b08c80 DEOPT UNPACKING pc=0x000002355ad8e23f sp=0x0000004f176fe560 mode 0
Event: 1.149 Thread 0x0000023552b08c80 DEOPT PACKING pc=0x000002355b52b414 sp=0x0000004f176fef30
Event: 1.149 Thread 0x0000023552b08c80 DEOPT UNPACKING pc=0x000002355ad8e23f sp=0x0000004f176fe560 mode 0
Event: 1.156 Thread 0x0000023552b08c80 DEOPT PACKING pc=0x000002355b52b414 sp=0x0000004f176fef30
Event: 1.156 Thread 0x0000023552b08c80 DEOPT UNPACKING pc=0x000002355ad8e23f sp=0x0000004f176fe560 mode 0
Event: 1.162 Thread 0x0000023552b08c80 Uncommon trap: trap_request=0xffffff45 fr.pc=0x00000235628a6b6c relative=0x000000000000200c
Event: 1.162 Thread 0x0000023552b08c80 Uncommon trap: reason=unstable_if action=reinterpret pc=0x00000235628a6b6c method=java.lang.String.split(Ljava/lang/String;I)[Ljava/lang/String; @ 7 c2
Event: 1.162 Thread 0x0000023552b08c80 DEOPT PACKING pc=0x00000235628a6b6c sp=0x0000004f176fed00
Event: 1.162 Thread 0x0000023552b08c80 DEOPT UNPACKING pc=0x000002355ad8e42f sp=0x0000004f176fecd8 mode 2
Event: 1.171 Thread 0x0000023552b08c80 DEOPT PACKING pc=0x000002355b52b3a7 sp=0x0000004f176fef30
Event: 1.171 Thread 0x0000023552b08c80 DEOPT UNPACKING pc=0x000002355ad8e23f sp=0x0000004f176fe560 mode 0
Event: 1.173 Thread 0x0000023552b08c80 Uncommon trap: trap_request=0xffffff45 fr.pc=0x00000235628aa5c8 relative=0x0000000000001408
Event: 1.173 Thread 0x0000023552b08c80 Uncommon trap: reason=unstable_if action=reinterpret pc=0x00000235628aa5c8 method=lwjglutils.OGLModelOBJ$1OBJLoader.loadOBJModel(Ljava/lang/String;)V @ 175 c2
Event: 1.173 Thread 0x0000023552b08c80 DEOPT PACKING pc=0x00000235628aa5c8 sp=0x0000004f176ff060
Event: 1.173 Thread 0x0000023552b08c80 DEOPT UNPACKING pc=0x000002355ad8e42f sp=0x0000004f176ff068 mode 2
Event: 1.192 Thread 0x0000023552b08c80 DEOPT PACKING pc=0x000002355b54a897 sp=0x0000004f176fef30
Event: 1.192 Thread 0x0000023552b08c80 DEOPT UNPACKING pc=0x000002355ad8e23f sp=0x0000004f176fe560 mode 0
Event: 1.221 Thread 0x0000023552b08c80 DEOPT PACKING pc=0x000002355b55a4eb sp=0x0000004f176fef30
Event: 1.221 Thread 0x0000023552b08c80 DEOPT UNPACKING pc=0x000002355ad8e23f sp=0x0000004f176fe660 mode 0

Classes unloaded (0 events):
No events

Classes redefined (0 events):
No events

Internal exceptions (20 events):
Event: 0.171 Thread 0x0000023552b08c80 Exception <a 'java/lang/NoSuchMethodError'{0x0000000710ff8838}: 'java.lang.Object java.lang.invoke.DirectMethodHandle$Holder.invokeStatic(java.lang.Object, java.lang.Object, int)'> (0x0000000710ff8838) 
thrown [./open/src/hotspot/share/interpreter/linkResolver.cpp, line 782]
Event: 0.172 Thread 0x0000023552b08c80 Exception <a 'java/lang/NoSuchMethodError'{0x0000000710c04ff8}: 'void java.lang.invoke.DelegatingMethodHandle$Holder.delegate(java.lang.Object, java.lang.Object, int, java.lang.Object)'> (0x0000000710c04ff8) 
thrown [./open/src/hotspot/share/interpreter/linkResolver.cpp, line 782]
Event: 0.172 Thread 0x0000023552b08c80 Exception <a 'java/lang/NoSuchMethodError'{0x0000000710c09148}: 'int java.lang.invoke.DirectMethodHandle$Holder.invokeSpecial(java.lang.Object, java.lang.Object, java.lang.Object)'> (0x0000000710c09148) 
thrown [./open/src/hotspot/share/interpreter/linkResolver.cpp, line 782]
Event: 0.203 Thread 0x0000023552b08c80 Exception <a 'sun/nio/fs/WindowsException'{0x0000000710cf3050}> (0x0000000710cf3050) 
thrown [./open/src/hotspot/share/prims/jni.cpp, line 578]
Event: 0.203 Thread 0x0000023552b08c80 Exception <a 'sun/nio/fs/WindowsException'{0x0000000710cf35a8}> (0x0000000710cf35a8) 
thrown [./open/src/hotspot/share/prims/jni.cpp, line 578]
Event: 0.231 Thread 0x0000023552b08c80 Exception <a 'sun/nio/fs/WindowsException'{0x0000000710a5eba8}> (0x0000000710a5eba8) 
thrown [./open/src/hotspot/share/prims/jni.cpp, line 578]
Event: 0.231 Thread 0x0000023552b08c80 Exception <a 'sun/nio/fs/WindowsException'{0x0000000710a5ef48}> (0x0000000710a5ef48) 
thrown [./open/src/hotspot/share/prims/jni.cpp, line 578]
Event: 0.249 Thread 0x0000023552b08c80 Exception <a 'sun/nio/fs/WindowsException'{0x0000000710b480c0}> (0x0000000710b480c0) 
thrown [./open/src/hotspot/share/prims/jni.cpp, line 578]
Event: 0.249 Thread 0x0000023552b08c80 Exception <a 'sun/nio/fs/WindowsException'{0x0000000710b48430}> (0x0000000710b48430) 
thrown [./open/src/hotspot/share/prims/jni.cpp, line 578]
Event: 0.713 Thread 0x0000023552b08c80 Exception <a 'sun/nio/fs/WindowsException'{0x0000000710804b10}> (0x0000000710804b10) 
thrown [./open/src/hotspot/share/prims/jni.cpp, line 578]
Event: 0.713 Thread 0x0000023552b08c80 Exception <a 'sun/nio/fs/WindowsException'{0x0000000710804ec0}> (0x0000000710804ec0) 
thrown [./open/src/hotspot/share/prims/jni.cpp, line 578]
Event: 0.717 Thread 0x0000023552b08c80 Exception <a 'sun/nio/fs/WindowsException'{0x000000071081cc88}> (0x000000071081cc88) 
thrown [./open/src/hotspot/share/prims/jni.cpp, line 578]
Event: 0.717 Thread 0x0000023552b08c80 Exception <a 'sun/nio/fs/WindowsException'{0x000000071081cf70}> (0x000000071081cf70) 
thrown [./open/src/hotspot/share/prims/jni.cpp, line 578]
Event: 0.856 Thread 0x0000023552b08c80 Exception <a 'java/lang/ClassNotFoundException'{0x000000071144ea78}: sun/awt/resources/spi/awtProvider> (0x000000071144ea78) 
thrown [./open/src/hotspot/share/classfile/systemDictionary.cpp, line 295]
Event: 0.862 Thread 0x0000023552b08c80 Exception <a 'java/io/FileNotFoundException'{0x000000071145fb20}> (0x000000071145fb20) 
thrown [./open/src/hotspot/share/prims/jni.cpp, line 578]
Event: 0.865 Thread 0x0000023552b08c80 Exception <a 'java/io/FileNotFoundException'{0x000000071148e318}> (0x000000071148e318) 
thrown [./open/src/hotspot/share/prims/jni.cpp, line 578]
Event: 0.876 Thread 0x0000023552b08c80 Exception <a 'java/lang/NoSuchMethodError'{0x00000007114ffb78}: 'void java.lang.invoke.DirectMethodHandle$Holder.invokeStatic(java.lang.Object, int)'> (0x00000007114ffb78) 
thrown [./open/src/hotspot/share/interpreter/linkResolver.cpp, line 782]
Event: 0.881 Thread 0x0000023552b08c80 Exception <a 'java/lang/NoSuchMethodError'{0x0000000711528508}: 'java.lang.Object java.lang.invoke.Invokers$Holder.invoke_MT(java.lang.Object, java.lang.Object, java.lang.Object)'> (0x0000000711528508) 
thrown [./open/src/hotspot/share/interpreter/linkResolver.cpp, line 782]
Event: 0.887 Thread 0x0000023552b08c80 Exception <a 'sun/nio/fs/WindowsException'{0x0000000711562b88}> (0x0000000711562b88) 
thrown [./open/src/hotspot/share/prims/jni.cpp, line 578]
Event: 0.887 Thread 0x0000023552b08c80 Exception <a 'sun/nio/fs/WindowsException'{0x0000000711562f10}> (0x0000000711562f10) 
thrown [./open/src/hotspot/share/prims/jni.cpp, line 578]

Events (20 events):
Event: 1.008 loading class sun/util/resources/OpenListResourceBundle
Event: 1.008 loading class sun/util/resources/OpenListResourceBundle done
Event: 1.008 loading class sun/util/resources/TimeZoneNamesBundle done
Event: 1.008 loading class sun/util/resources/cldr/TimeZoneNames done
Event: 1.008 loading class sun/util/resources/cldr/TimeZoneNames_en
Event: 1.009 loading class sun/util/resources/cldr/TimeZoneNames_en done
Event: 1.009 loading class sun/util/resources/cldr/TimeZoneNames_en_US
Event: 1.009 loading class sun/util/resources/cldr/TimeZoneNames_en_US done
Event: 1.009 loading class java/util/LinkedHashMap$LinkedKeySet
Event: 1.010 loading class java/util/LinkedHashMap$LinkedKeySet done
Event: 1.010 loading class sun/util/resources/TimeZoneNames
Event: 1.010 loading class sun/util/resources/TimeZoneNames done
Event: 1.010 loading class sun/util/resources/TimeZoneNames_en
Event: 1.010 loading class sun/util/resources/TimeZoneNames_en done
Event: 1.026 Executing VM operation: G1CollectForAllocation
Event: 1.029 Executing VM operation: G1CollectForAllocation done
Event: 1.052 loading class jdk/internal/math/FDBigInteger
Event: 1.052 loading class jdk/internal/math/FDBigInteger done
Event: 1.179 Executing VM operation: G1CollectForAllocation
Event: 1.184 Executing VM operation: G1CollectForAllocation done


Dynamic libraries:
0x00007ff6088a0000 - 0x00007ff6088af000 	C:\Program Files\Java\jdk-15.0.2\bin\java.exe
0x00007ffcbd6b0000 - 0x00007ffcbd8a5000 	C:\WINDOWS\SYSTEM32\ntdll.dll
0x00007ffcbc240000 - 0x00007ffcbc2fe000 	C:\WINDOWS\System32\KERNEL32.DLL
0x00007ffcbb1b0000 - 0x00007ffcbb478000 	C:\WINDOWS\System32\KERNELBASE.dll
0x00007ffcbb480000 - 0x00007ffcbb580000 	C:\WINDOWS\System32\ucrtbase.dll
0x00007ffcb5320000 - 0x00007ffcb5338000 	C:\Program Files\Java\jdk-15.0.2\bin\jli.dll
0x00007ffcb5340000 - 0x00007ffcb5359000 	C:\Program Files\Java\jdk-15.0.2\bin\VCRUNTIME140.dll
0x00007ffcbc6a0000 - 0x00007ffcbc74e000 	C:\WINDOWS\System32\ADVAPI32.dll
0x00007ffcbd330000 - 0x00007ffcbd3ce000 	C:\WINDOWS\System32\msvcrt.dll
0x00007ffcbd130000 - 0x00007ffcbd1cc000 	C:\WINDOWS\System32\sechost.dll
0x00007ffcbbc10000 - 0x00007ffcbbd35000 	C:\WINDOWS\System32\RPCRT4.dll
0x00007ffcbc0a0000 - 0x00007ffcbc240000 	C:\WINDOWS\System32\USER32.dll
0x00007ffca94d0000 - 0x00007ffca976a000 	C:\WINDOWS\WinSxS\amd64_microsoft.windows.common-controls_6595b64144ccf1df_6.0.19041.1110_none_60b5254171f9507e\COMCTL32.dll
0x00007ffcbb180000 - 0x00007ffcbb1a2000 	C:\WINDOWS\System32\win32u.dll
0x00007ffcbc820000 - 0x00007ffcbc84a000 	C:\WINDOWS\System32\GDI32.dll
0x00007ffcbafc0000 - 0x00007ffcbb0cb000 	C:\WINDOWS\System32\gdi32full.dll
0x00007ffcb9c80000 - 0x00007ffcb9c8a000 	C:\WINDOWS\SYSTEM32\VERSION.dll
0x00007ffcbb5f0000 - 0x00007ffcbb68d000 	C:\WINDOWS\System32\msvcp_win.dll
0x00007ffcbd550000 - 0x00007ffcbd580000 	C:\WINDOWS\System32\IMM32.DLL
0x00007ffcb5fd0000 - 0x00007ffcb5fdc000 	C:\Program Files\Java\jdk-15.0.2\bin\vcruntime140_1.dll
0x00007ffca8530000 - 0x00007ffca85c1000 	C:\Program Files\Java\jdk-15.0.2\bin\msvcp140.dll
0x00007ffc9a050000 - 0x00007ffc9abae000 	C:\Program Files\Java\jdk-15.0.2\bin\server\jvm.dll
0x00007ffcbd590000 - 0x00007ffcbd598000 	C:\WINDOWS\System32\PSAPI.DLL
0x00007ffca5190000 - 0x00007ffca5199000 	C:\WINDOWS\SYSTEM32\WSOCK32.dll
0x00007ffcb16a0000 - 0x00007ffcb16c7000 	C:\WINDOWS\SYSTEM32\WINMM.dll
0x00007ffcbc630000 - 0x00007ffcbc69b000 	C:\WINDOWS\System32\WS2_32.dll
0x00007ffcb9c40000 - 0x00007ffcb9c52000 	C:\WINDOWS\SYSTEM32\kernel.appcore.dll
0x00007ffcb5e30000 - 0x00007ffcb5e3a000 	C:\Program Files\Java\jdk-15.0.2\bin\jimage.dll
0x00007ffcad8d0000 - 0x00007ffcadab4000 	C:\WINDOWS\SYSTEM32\DBGHELP.DLL
0x00007ffca23a0000 - 0x00007ffca23cc000 	C:\WINDOWS\SYSTEM32\dbgcore.DLL
0x00007ffcbb6e0000 - 0x00007ffcbb762000 	C:\WINDOWS\System32\bcryptPrimitives.dll
0x00007ffcb5300000 - 0x00007ffcb530e000 	C:\Program Files\Java\jdk-15.0.2\bin\instrument.dll
0x00007ffcb5270000 - 0x00007ffcb5295000 	C:\Program Files\Java\jdk-15.0.2\bin\java.dll
0x00007ffcbc9e0000 - 0x00007ffcbd124000 	C:\WINDOWS\System32\SHELL32.dll
0x00007ffcb8d80000 - 0x00007ffcb9514000 	C:\WINDOWS\SYSTEM32\windows.storage.dll
0x00007ffcbbd40000 - 0x00007ffcbc094000 	C:\WINDOWS\System32\combase.dll
0x00007ffcba7f0000 - 0x00007ffcba81c000 	C:\WINDOWS\SYSTEM32\Wldp.dll
0x00007ffcbd3d0000 - 0x00007ffcbd47d000 	C:\WINDOWS\System32\SHCORE.dll
0x00007ffcbc850000 - 0x00007ffcbc8a5000 	C:\WINDOWS\System32\shlwapi.dll
0x00007ffcbada0000 - 0x00007ffcbadbf000 	C:\WINDOWS\SYSTEM32\profapi.dll
0x00007ffcaaee0000 - 0x00007ffcaaef8000 	C:\Program Files\Java\jdk-15.0.2\bin\zip.dll
0x00007ffcb5250000 - 0x00007ffcb5269000 	C:\Program Files\Java\jdk-15.0.2\bin\net.dll
0x00007ffcb14a0000 - 0x00007ffcb15aa000 	C:\WINDOWS\SYSTEM32\WINHTTP.dll
0x00007ffcba5d0000 - 0x00007ffcba63a000 	C:\WINDOWS\system32\mswsock.dll
0x00007ffcb3210000 - 0x00007ffcb3222000 	C:\Program Files\Java\jdk-15.0.2\bin\nio.dll
0x00007ffca8300000 - 0x00007ffca831a000 	C:\Program Files\JetBrains\IntelliJ IDEA Community Edition 2020.3.2\bin\breakgen64.dll
0x00007ffca4660000 - 0x00007ffca46c4000 	C:\Users\Lukas\AppData\Local\Temp\lwjglLukas\3.2.3-build-13\lwjgl.dll
0x00007ffc59730000 - 0x00007ffc59983000 	C:\Users\Lukas\AppData\Local\Temp\lwjglLukas\3.2.3-build-13\jemalloc.dll
0x00007ffc99fe0000 - 0x00007ffc9a042000 	C:\Users\Lukas\AppData\Local\Temp\lwjglLukas\3.2.3-build-13\glfw.dll
0x00007ffcb8620000 - 0x00007ffcb86be000 	C:\WINDOWS\system32\uxtheme.dll
0x00007ffc99c50000 - 0x00007ffc99c95000 	C:\WINDOWS\SYSTEM32\dinput8.dll
0x00007ffca82c0000 - 0x00007ffca82d1000 	C:\WINDOWS\SYSTEM32\xinput1_4.dll
0x00007ffcbb690000 - 0x00007ffcbb6de000 	C:\WINDOWS\System32\cfgmgr32.dll
0x00007ffcbac10000 - 0x00007ffcbac3c000 	C:\WINDOWS\SYSTEM32\DEVOBJ.dll
0x00007ffcb87d0000 - 0x00007ffcb87ff000 	C:\WINDOWS\SYSTEM32\dwmapi.dll
0x00007ffcb55d0000 - 0x00007ffcb5722000 	C:\WINDOWS\SYSTEM32\inputhost.dll
0x00007ffcbd480000 - 0x00007ffcbd54d000 	C:\WINDOWS\System32\OLEAUT32.dll
0x00007ffcb6ac0000 - 0x00007ffcb6c14000 	C:\WINDOWS\SYSTEM32\wintypes.dll
0x00007ffcb82b0000 - 0x00007ffcb83a2000 	C:\WINDOWS\SYSTEM32\CoreMessaging.dll
0x00007ffcb65b0000 - 0x00007ffcb66a6000 	C:\WINDOWS\SYSTEM32\PROPSYS.dll
0x00007ffcb7ab0000 - 0x00007ffcb7e0e000 	C:\WINDOWS\SYSTEM32\CoreUIComponents.dll
0x00007ffcb9950000 - 0x00007ffcb9983000 	C:\WINDOWS\SYSTEM32\ntmarta.dll
0x00007ffca9e00000 - 0x00007ffca9f31000 	C:\ProgramData\A-Volute\A-Volute.28054DF1F58B4\Modules\ScheduledModules\x64\AudioDevProps2.dll
0x00007ffcbc8b0000 - 0x00007ffcbc9da000 	C:\WINDOWS\System32\ole32.dll
0x00007ffca9f40000 - 0x00007ffca9fee000 	C:\ProgramData\A-Volute\A-Volute.28054DF1F58B4\Modules\ScheduledModules\x64\NahimicOSD.dll
0x00007ffcaab40000 - 0x00007ffcaab60000 	C:\ProgramData\A-Volute\A-Volute.28054DF1F58B4\Modules\ScheduledModules\x64\ProductInfo.dll
0x00007ffcbc300000 - 0x00007ffcbc415000 	C:\WINDOWS\System32\MSCTF.dll
0x00007ffcb9520000 - 0x00007ffcb952d000 	C:\WINDOWS\SYSTEM32\HID.DLL
0x00000235790f0000 - 0x000002357955a000 	C:\WINDOWS\System32\SETUPAPI.DLL
0x00007ffcbb770000 - 0x00007ffcbb797000 	C:\WINDOWS\System32\bcrypt.dll
0x00007ffcbb580000 - 0x00007ffcbb5e8000 	C:\WINDOWS\System32\WINTRUST.dll
0x00007ffcbae60000 - 0x00007ffcbafb6000 	C:\WINDOWS\System32\CRYPT32.dll
0x00007ffcbaa50000 - 0x00007ffcbaa62000 	C:\WINDOWS\SYSTEM32\MSASN1.dll
0x00007ffc6e4e0000 - 0x00007ffc6e606000 	C:\WINDOWS\SYSTEM32\opengl32.dll
0x00007ffc6d8b0000 - 0x00007ffc6d8dc000 	C:\WINDOWS\SYSTEM32\GLU32.dll
0x00007ffcbc770000 - 0x00007ffcbc819000 	C:\WINDOWS\System32\clbcatq.dll
0x00007ffc6d290000 - 0x00007ffc6d2bd000 	C:\WINDOWS\System32\DriverStore\FileRepository\u0377495.inf_amd64_58cc395c0bf03a26\B377432\atig6pxx.dll
0x00007ffc6a410000 - 0x00007ffc6d28f000 	C:\WINDOWS\System32\DriverStore\FileRepository\u0377495.inf_amd64_58cc395c0bf03a26\B377432\atio6axx.dll
0x00007ffc75a80000 - 0x00007ffc75aa4000 	C:\WINDOWS\SYSTEM32\dxva2.dll
0x00007ffc6a3d0000 - 0x00007ffc6a40f000 	C:\WINDOWS\System32\DriverStore\FileRepository\u0377495.inf_amd64_58cc395c0bf03a26\B377432\atig6txx.dll
0x00007ffc7fb80000 - 0x00007ffc7fd54000 	C:\WINDOWS\SYSTEM32\atiadlxx.dll
0x00007ffcaa210000 - 0x00007ffcaa259000 	C:\WINDOWS\SYSTEM32\pdh.dll
0x00007ffcb6570000 - 0x00007ffcb65ab000 	C:\WINDOWS\SYSTEM32\dxcore.dll
0x00007ffc76e50000 - 0x00007ffc7701f000 	C:\WINDOWS\SYSTEM32\d3d9.dll
0x00007ffcb5730000 - 0x00007ffcb5829000 	C:\WINDOWS\SYSTEM32\textinputframework.dll
0x00007ffc92840000 - 0x00007ffc92899000 	C:\Users\Lukas\AppData\Local\Temp\lwjglLukas\3.2.3-build-13\lwjgl_opengl.dll
0x00007ffc58c30000 - 0x00007ffc58db0000 	C:\Program Files\Java\jdk-15.0.2\bin\awt.dll
0x00007ffcb84e0000 - 0x00007ffcb8570000 	C:\WINDOWS\SYSTEM32\apphelp.dll
0x00007ffc90ad0000 - 0x00007ffc90b47000 	C:\Users\Lukas\AppData\Local\Temp\lwjglLukas\3.2.3-build-13\lwjgl_stb.dll

dbghelp: loaded successfully - version: 4.0.5 - missing functions: none
symbol engine: initialized successfully - sym options: 0x614 - pdb path: .;C:\Program Files\Java\jdk-15.0.2\bin;C:\WINDOWS\SYSTEM32;C:\WINDOWS\WinSxS\amd64_microsoft.windows.common-controls_6595b64144ccf1df_6.0.19041.1110_none_60b5254171f9507e;C:\Program Files\Java\jdk-15.0.2\bin\server;C:\Program Files\JetBrains\IntelliJ IDEA Community Edition 2020.3.2\bin;C:\Users\Lukas\AppData\Local\Temp\lwjglLukas\3.2.3-build-13;C:\ProgramData\A-Volute\A-Volute.28054DF1F58B4\Modules\ScheduledModules\x64;C:\WINDOWS\System32\DriverStore\FileRepository\u0377495.inf_amd64_58cc395c0bf03a26\B377432

VM Arguments:
jvm_args: -javaagent:C:\Program Files\JetBrains\IntelliJ IDEA Community Edition 2020.3.2\lib\idea_rt.jar=65448:C:\Program Files\JetBrains\IntelliJ IDEA Community Edition 2020.3.2\bin -Dfile.encoding=UTF-8 
java_command: Main
java_class_path (initial): C:\Users\Lukas\Desktop\Letadlos\out\production\Letadlos;C:\Users\Lukas\Desktop\Grafika\library\lwjgl-assimp-natives-windows.jar;C:\Users\Lukas\Desktop\Grafika\library\lwjgl-assimp.jar;C:\Users\Lukas\Desktop\Grafika\library\lwjgl-bgfx-natives-windows.jar;C:\Users\Lukas\Desktop\Grafika\library\lwjgl-bgfx.jar;C:\Users\Lukas\Desktop\Grafika\library\lwjgl-cuda.jar;C:\Users\Lukas\Desktop\Grafika\library\lwjgl-egl.jar;C:\Users\Lukas\Desktop\Grafika\library\lwjgl-glfw-natives-windows.jar;C:\Users\Lukas\Desktop\Grafika\library\lwjgl-glfw.jar;C:\Users\Lukas\Desktop\Grafika\library\lwjgl-jawt.jar;C:\Users\Lukas\Desktop\Grafika\library\lwjgl-jemalloc-natives-windows.jar;C:\Users\Lukas\Desktop\Grafika\library\lwjgl-jemalloc.jar;C:\Users\Lukas\Desktop\Grafika\library\lwjgl-libdivide-natives-windows.jar;C:\Users\Lukas\Desktop\Grafika\library\lwjgl-libdivide.jar;C:\Users\Lukas\Desktop\Grafika\library\lwjgl-llvm-natives-windows.jar;C:\Users\Lukas\Desktop\Grafika\library\lwjgl-llvm.jar;C:\Users\Lukas\Desktop\Grafika\library\lwjgl-lmdb-natives-windows.jar;C:\Users\Lukas\Desktop\Grafika\library\lwjgl-lmdb.jar;C:\Users\Lukas\Desktop\Grafika\library\lwjgl-lz4-natives-windows.jar;C:\Users\Lukas\Desktop\Grafika\library\lwjgl-lz4.jar;C:\Users\Lukas\Desktop\Grafika\library\lwjgl-meow-natives-windows.jar;C:\Users\Lukas\Desktop\Grafika\library\lwjgl-meow.jar;C:\Users\Lukas\Desktop\Grafika\library\lwjgl-nanovg-natives-windows.jar;C:\Users\Lukas\Desktop\Grafika\library\lwjgl-nanovg.jar;C:\Users\Lukas\Desktop\Grafika\library\lwjgl-natives-windows.jar;C:\Users\Lukas\Desktop\Grafika\library\lwjgl-nfd-natives-windows.jar;C:\Users\Lukas\Desktop\Grafika\library\lwjgl-nfd.jar;C:\Users\Lukas\Desktop\Grafika\library\lwjgl-nuklear-natives-windows.jar;C:\Users\Lukas\Desktop\Grafika\library\lwjgl-nuklear.jar;C:\Users\Lukas\Desktop\Grafika\library\lwjgl-odbc.jar;C:\Users\Lukas\Desktop\Grafika\library\lwjgl-openal-natives-windows.jar;C:\Users\Lukas\Desktop\Grafika\library\lwjgl-op
Launcher Type: SUN_STANDARD

[Global flags]
     intx CICompilerCount                          = 4                                         {product} {ergonomic}
     uint ConcGCThreads                            = 3                                         {product} {ergonomic}
     uint G1ConcRefinementThreads                  = 10                                        {product} {ergonomic}
   size_t G1HeapRegionSize                         = 2097152                                   {product} {ergonomic}
    uintx GCDrainStackTargetSize                   = 64                                        {product} {ergonomic}
   size_t InitialHeapSize                          = 268435456                                 {product} {ergonomic}
   size_t MarkStackSize                            = 4194304                                   {product} {ergonomic}
   size_t MaxHeapSize                              = 4271898624                                {product} {ergonomic}
   size_t MaxNewSize                               = 2562719744                                {product} {ergonomic}
   size_t MinHeapDeltaBytes                        = 2097152                                   {product} {ergonomic}
   size_t MinHeapSize                              = 8388608                                   {product} {ergonomic}
    uintx NonNMethodCodeHeapSize                   = 5839372                                {pd product} {ergonomic}
    uintx NonProfiledCodeHeapSize                  = 122909434                              {pd product} {ergonomic}
    uintx ProfiledCodeHeapSize                     = 122909434                              {pd product} {ergonomic}
    uintx ReservedCodeCacheSize                    = 251658240                              {pd product} {ergonomic}
     bool SegmentedCodeCache                       = true                                      {product} {ergonomic}
   size_t SoftMaxHeapSize                          = 4271898624                             {manageable} {ergonomic}
     bool UseCompressedClassPointers               = true                                 {lp64_product} {ergonomic}
     bool UseCompressedOops                        = true                                 {lp64_product} {ergonomic}
     bool UseG1GC                                  = true                                      {product} {ergonomic}
     bool UseLargePagesIndividualAllocation        = false                                  {pd product} {ergonomic}

Logging:
Log output configuration:
 #0: stdout all=warning uptime,level,tags
 #1: stderr all=off uptime,level,tags

Environment Variables:
PATH=C:\Program Files (x86)\Razer Chroma SDK\bin;C:\Program Files\Razer Chroma SDK\bin;C:\Program Files (x86)\Razer\ChromaBroadcast\bin;C:\Program Files\Razer\ChromaBroadcast\bin;C:\Program Files (x86)\VMware\VMware Player\bin\;C:\Program Files\Common Files\Oracle\Java\javapath;C:\WINDOWS\system32;C:\WINDOWS;C:\WINDOWS\System32\Wbem;C:\WINDOWS\System32\WindowsPowerShell\v1.0\;C:\WINDOWS\System32\OpenSSH\;C:\Program Files\Microsoft SQL Server\130\Tools\Binn\;C:\Program Files (x86)\Microsoft SQL Server\150\DTS\Binn\;C:\Program Files\Azure Data Studio\bin;C:\Program Files\Microsoft SQL Server\Client SDK\ODBC\170\Tools\Binn\;C:\Program Files\Git\cmd;C:\Program Files\PuTTY\;C:\Program Files\nodejs\;C:\Program Files\dotnet\;C:\Program Files (x86)\dotnet\;C:\Program Files\Docker\Docker\resources\bin;C:\ProgramData\DockerDesktop\version-bin;C:\WINDOWS\system32\config\systemprofile\AppData\Local\Microsoft\WindowsApps;C:\Users\Lukas\AppData\Local\Microsoft\WindowsApps;C:\Users\Lukas\AppData\Local\Programs\Microsoft VS Code\bin;C:\Program Files\Azure Data Studio\bin;C:\Program Files\JetBrains\IntelliJ IDEA Community Edition 2020.3.2\bin;;C:\Users\Lukas\AppData\Roaming\npm;C:\Program Files\JetBrains\PyCharm Community Edition 2021.1.2\bin;;C:\Users\Lukas\.dotnet\tools;C:\Program Files\mingw-w64\x86_64-8.1.0-posix-sjlj-rt_v6-rev0\mingw64\bin;
USERNAME=Lukas
OS=Windows_NT
PROCESSOR_IDENTIFIER=AMD64 Family 23 Model 113 Stepping 0, AuthenticAMD



---------------  S Y S T E M  ---------------

OS:
 Windows 10 , 64 bit Build 19041 (10.0.19041.1645)
OS uptime: 0 days 1:34 hours
HyperV virtualization detected

CPU: total 12 (initial active 12) (12 cores per cpu, 2 threads per core) family 23 model 113 stepping 0 microcode 0x0, cmov, cx8, fxsr, mmx, sse, sse2, sse3, ssse3, sse4.1, sse4.2, popcnt, vzeroupper, avx, avx2, aes, clmul, 3dnowpref, lzcnt, sse4a, ht, tsc, tscinvbit, tscinv, bmi1, bmi2, adx, sha, fma, clflush, clflushopt

Memory: 4k page, system-wide physical 16295M (8344M free)
TotalPageFile size 23207M (AvailPageFile size 10225M)
current process WorkingSet (physical memory assigned to process): 319M, peak: 328M
current process commit charge ("private bytes"): 567M, peak: 567M

vm_info: Java HotSpot(TM) 64-Bit Server VM (15.0.2+7-27) for windows-amd64 JRE (15.0.2+7-27), built on Dec  7 2020 20:07:01 by "mach5one" with unknown MS VC++:1925

END.
