#
# A fatal error has been detected by the Java Runtime Environment:
#
#  EXCEPTION_ACCESS_VIOLATION (0xc0000005) at pc=0x00007ffc6aeb2570, pid=4632, tid=11316
#
# JRE version: Java(TM) SE Runtime Environment (15.0.2+7) (build 15.0.2+7-27)
# Java VM: Java HotSpot(TM) 64-Bit Server VM (15.0.2+7-27, mixed mode, sharing, tiered, compressed oops, g1 gc, windows-amd64)
# Problematic frame:
# C  [atio6axx.dll+0xaa2570]
#
# No core dump will be written. Minidumps are not enabled by default on client versions of Windows
#
# If you would like to submit a bug report, please visit:
#   https://bugreport.java.com/bugreport/crash.jsp
# The crash happened outside the Java Virtual Machine in native code.
# See problematic frame for where to report the bug.
#

---------------  S U M M A R Y ------------

Command Line: -agentlib:jdwp=transport=dt_socket,address=127.0.0.1:65459,suspend=y,server=n -javaagent:C:\Users\Lukas\AppData\Local\JetBrains\IdeaIC2020.3\captureAgent\debugger-agent.jar -Dfile.encoding=UTF-8 Main

Host: AMD Ryzen 5 3600 6-Core Processor              , 12 cores, 15G,  Windows 10 , 64 bit Build 19041 (10.0.19041.1645)
Time: Thu Apr 21 07:32:40 2022 Central Europe Daylight Time elapsed time: 9.663034 seconds (0d 0h 0m 9s)

---------------  T H R E A D  ---------------

Current thread (0x000001e790821900):  JavaThread "main" [_thread_in_native, id=11316, stack(0x0000006354a00000,0x0000006354b00000)]

Stack: [0x0000006354a00000,0x0000006354b00000],  sp=0x0000006354afec00,  free space=1019k
Native frames: (J=compiled Java code, j=interpreted, Vv=VM code, C=native code)
C  [atio6axx.dll+0xaa2570]

Java frames: (J=compiled Java code, j=interpreted, Vv=VM code)
j  org.lwjgl.opengl.GL11C.glDrawArrays(III)V+0
j  org.lwjgl.opengl.GL11.glDrawArrays(III)V+3
j  Renderer.display()V+299
j  global.LwjglWindow.loop()V+35
j  global.LwjglWindow.run()V+5
j  global.LwjglWindow.<init>(IILglobal/AbstractRenderer;Z)V+37
j  global.LwjglWindow.<init>(Lglobal/AbstractRenderer;)V+9
j  Main.main([Ljava/lang/String;)V+11
v  ~StubRoutines::call_stub

siginfo: EXCEPTION_ACCESS_VIOLATION (0xc0000005), reading address 0x0000000000000000


Register to memory mapping:

RIP=0x00007ffc6aeb2570 atio6axx.dll
RAX=0xffffffffffd7d280 is an unknown value
RBX=0x000001e7c6ea0000 points into unknown readable memory: 0x0000000000000000 | 00 00 00 00 00 00 00 00
RCX=0x000001e7c6ea0000 points into unknown readable memory: 0x0000000000000000 | 00 00 00 00 00 00 00 00
RDX=0x0 is NULL
RSP=0x0000006354afec00 is pointing into the stack for thread: 0x000001e790821900
RBP=0x000001e7c04b80c0 points into unknown readable memory: 0x00007ffc6cc29358 | 58 93 c2 6c fc 7f 00 00
RSI=0x0 is NULL
RDI=0x0000000000282d80 is an unknown value
R8 =0x000000000000505b is an unknown value
R9 =0x0 is NULL
R10=0x0000000000000088 is an unknown value
R11=0x0000006354aff040 is pointing into the stack for thread: 0x000001e790821900
R12=0x00000000000282d8 is an unknown value
R13=0x0 is NULL
R14=0x0000000000000078 is an unknown value
R15=0x000001e7b7ecc090 points into unknown readable memory: 0x000001e7b8248af0 | f0 8a 24 b8 e7 01 00 00


Registers:
RAX=0xffffffffffd7d280, RBX=0x000001e7c6ea0000, RCX=0x000001e7c6ea0000, RDX=0x0000000000000000
RSP=0x0000006354afec00, RBP=0x000001e7c04b80c0, RSI=0x0000000000000000, RDI=0x0000000000282d80
R8 =0x000000000000505b, R9 =0x0000000000000000, R10=0x0000000000000088, R11=0x0000006354aff040
R12=0x00000000000282d8, R13=0x0000000000000000, R14=0x0000000000000078, R15=0x000001e7b7ecc090
RIP=0x00007ffc6aeb2570, EFLAGS=0x0000000000010247

Top of Stack: (sp=0x0000006354afec00)
0x0000006354afec00:   0000000000282d80 00007ffc6b0a6a5a
0x0000006354afec10:   000001e790821900 000000000000000b
0x0000006354afec20:   0000006354afee20 0000006354afeef0
0x0000006354afec30:   0000000000000002 0000006354afeef8
0x0000006354afec40:   000001e7b8237a50 0000000000000000
0x0000006354afec50:   0000000000282d80 0000000000000000
0x0000006354afec60:   0000006354afed70 00007ffc6b865ac6
0x0000006354afec70:   000001e7b82cd430 000001e7b7fe0ce0
0x0000006354afec80:   000001e7b4be1620 000001e7b8237a50
0x0000006354afec90:   0000000000282d80 0000006354afed80
0x0000006354afeca0:   0000000800000000 0000000000000000
0x0000006354afecb0:   000000633f4ccccd 0000000000000000
0x0000006354afecc0:   0000006300000000 0000006354afefd0
0x0000006354afecd0:   ffffffffffffffff 00000000ffffffff
0x0000006354afece0:   0000000000000000 0000000000000000
0x0000006354afecf0:   0000000000000015 0000000000000001 

Instructions: (pc=0x00007ffc6aeb2570)
0x00007ffc6aeb2470:   e7 0f 76 6d 48 89 5c 24 10 44 8b df 41 83 e3 f8
0x00007ffc6aeb2480:   8b df 41 2b db 4c 8b c2 41 c1 eb 03 4c 8b d1 45
0x00007ffc6aeb2490:   85 db 74 20 0f 1f 40 00 0f 1f 84 00 00 00 00 00
0x00007ffc6aeb24a0:   49 8b 00 49 83 c0 08 49 89 02 49 83 c2 08 41 83
0x00007ffc6aeb24b0:   c3 ff 75 ec 85 db 74 19 4d 2b d0 0f 1f 44 00 00
0x00007ffc6aeb24c0:   41 0f b6 00 43 88 04 02 4d 8d 40 01 83 c3 ff 75
0x00007ffc6aeb24d0:   ef 48 8b 5c 24 10 8b c7 48 03 c8 48 03 d0 4c 2b
0x00007ffc6aeb24e0:   c8 48 8b 3c 24 48 8b c2 83 e0 0f 49 81 f9 80 00
0x00007ffc6aeb24f0:   00 00 0f 82 c4 00 00 00 4d 8b c1 49 c1 e8 07 48
0x00007ffc6aeb2500:   85 c0 74 5a 49 6b c0 80 4c 03 c8 0f 1f 44 00 00
0x00007ffc6aeb2510:   0f 10 02 0f 2b 01 0f 10 4a 10 0f 2b 49 10 0f 10
0x00007ffc6aeb2520:   42 20 0f 2b 41 20 0f 10 4a 30 0f 2b 49 30 0f 10
0x00007ffc6aeb2530:   42 40 0f 2b 41 40 0f 10 4a 50 0f 2b 49 50 0f 10
0x00007ffc6aeb2540:   42 60 0f 2b 41 60 0f 10 4a 70 48 83 ea 80 0f 2b
0x00007ffc6aeb2550:   49 70 48 83 e9 80 49 83 e8 01 75 b4 eb 5e 49 6b
0x00007ffc6aeb2560:   c0 80 4c 03 c8 66 66 66 0f 1f 84 00 00 00 00 00
0x00007ffc6aeb2570:   0f 10 02 0f 2b 01 0f 10 4a 10 0f 2b 49 10 0f 10
0x00007ffc6aeb2580:   42 20 0f 2b 41 20 0f 10 4a 30 0f 2b 49 30 0f 10
0x00007ffc6aeb2590:   42 40 0f 2b 41 40 0f 10 4a 50 0f 2b 49 50 0f 10
0x00007ffc6aeb25a0:   42 60 0f 2b 41 60 0f 10 4a 70 48 83 ea 80 0f 2b
0x00007ffc6aeb25b0:   49 70 48 83 e9 80 49 83 e8 01 75 b4 0f ae f8 4d
0x00007ffc6aeb25c0:   85 c9 74 4c 45 8b c1 41 83 e0 f8 45 2b c8 41 c1
0x00007ffc6aeb25d0:   e8 03 45 85 c0 74 1d 66 0f 1f 84 00 00 00 00 00
0x00007ffc6aeb25e0:   48 8b 02 48 83 c2 08 48 89 01 48 83 c1 08 41 83
0x00007ffc6aeb25f0:   c0 ff 75 ec 45 85 c9 74 17 48 2b ca 0f 1f 40 00
0x00007ffc6aeb2600:   0f b6 02 88 04 11 48 8d 52 01 41 83 c1 ff 75 f0
0x00007ffc6aeb2610:   48 83 c4 08 c3 cc cc cc cc cc cc cc cc cc cc cc
0x00007ffc6aeb2620:   48 89 5c 24 08 57 48 83 ec 10 44 8b d9 49 8b f8
0x00007ffc6aeb2630:   4c 8b c2 49 8b d9 f6 c2 03 0f 85 d0 01 00 00 f3
0x00007ffc6aeb2640:   41 0f 6f 10 48 8b c2 41 ba 08 00 00 00 66 0f 6f
0x00007ffc6aeb2650:   25 9b f0 dc 01 41 8b d3 48 d1 e8 66 0f ef d4 83
0x00007ffc6aeb2660:   e0 07 4c 2b d0 49 2b d2 48 ff ca 48 c1 ea 03 4c 


Stack slot to memory mapping:
stack at sp + 0 slots: 0x0000000000282d80 is an unknown value
stack at sp + 1 slots: 0x00007ffc6b0a6a5a atio6axx.dll
stack at sp + 2 slots: 0x000001e790821900 is a thread
stack at sp + 3 slots: 0x000000000000000b is an unknown value
stack at sp + 4 slots: 0x0000006354afee20 is pointing into the stack for thread: 0x000001e790821900
stack at sp + 5 slots: 0x0000006354afeef0 is pointing into the stack for thread: 0x000001e790821900
stack at sp + 6 slots: 0x0000000000000002 is an unknown value
stack at sp + 7 slots: 0x0000006354afeef8 is pointing into the stack for thread: 0x000001e790821900


---------------  P R O C E S S  ---------------

Threads class SMR info:
_java_thread_list=0x000001e7b56ef630, length=14, elements={
0x000001e790821900, 0x000001e7b43ae9c0, 0x000001e7b4bb2fc0, 0x000001e7b4bc9e90,
0x000001e7b4bcc860, 0x000001e7b4bce640, 0x000001e7b4bd1800, 0x000001e7b4bd76c0,
0x000001e7b4bdffe0, 0x000001e7b4cf4090, 0x000001e7b4d74620, 0x000001e7b4e516f0,
0x000001e7b4dc1700, 0x000001e7b4cf4a30
}

Java Threads: ( => current thread )
=>0x000001e790821900 JavaThread "main" [_thread_in_native, id=11316, stack(0x0000006354a00000,0x0000006354b00000)]
  0x000001e7b43ae9c0 JavaThread "Reference Handler" daemon [_thread_blocked, id=17248, stack(0x0000006355100000,0x0000006355200000)]
  0x000001e7b4bb2fc0 JavaThread "Finalizer" daemon [_thread_blocked, id=6416, stack(0x0000006355200000,0x0000006355300000)]
  0x000001e7b4bc9e90 JavaThread "Signal Dispatcher" daemon [_thread_blocked, id=1716, stack(0x0000006355300000,0x0000006355400000)]
  0x000001e7b4bcc860 JavaThread "Attach Listener" daemon [_thread_blocked, id=8772, stack(0x0000006355400000,0x0000006355500000)]
  0x000001e7b4bce640 JavaThread "Service Thread" daemon [_thread_blocked, id=5100, stack(0x0000006355500000,0x0000006355600000)]
  0x000001e7b4bd1800 JavaThread "C2 CompilerThread0" daemon [_thread_blocked, id=18648, stack(0x0000006355600000,0x0000006355700000)]
  0x000001e7b4bd76c0 JavaThread "C1 CompilerThread0" daemon [_thread_blocked, id=13828, stack(0x0000006355700000,0x0000006355800000)]
  0x000001e7b4bdffe0 JavaThread "Sweeper thread" daemon [_thread_blocked, id=11868, stack(0x0000006355800000,0x0000006355900000)]
  0x000001e7b4cf4090 JavaThread "Common-Cleaner" daemon [_thread_blocked, id=3560, stack(0x0000006355900000,0x0000006355a00000)]
  0x000001e7b4d74620 JavaThread "JDWP Transport Listener: dt_socket" daemon [_thread_blocked, id=3768, stack(0x0000006355a00000,0x0000006355b00000)]
  0x000001e7b4e516f0 JavaThread "JDWP Event Helper Thread" daemon [_thread_blocked, id=11112, stack(0x0000006355b00000,0x0000006355c00000)]
  0x000001e7b4dc1700 JavaThread "JDWP Command Reader" daemon [_thread_in_native, id=6592, stack(0x0000006355c00000,0x0000006355d00000)]
  0x000001e7b4cf4a30 JavaThread "Notification Thread" daemon [_thread_blocked, id=19320, stack(0x0000006355e00000,0x0000006355f00000)]

Other Threads:
  0x000001e7b43ade30 VMThread "VM Thread" [stack: 0x0000006355000000,0x0000006355100000] [id=17040]
  0x000001e7b5153590 WatcherThread [stack: 0x0000006355f00000,0x0000006356000000] [id=15952]
  0x000001e790871970 GCTaskThread "GC Thread#0" [stack: 0x0000006354b00000,0x0000006354c00000] [id=9444]
  0x000001e7b5375b80 GCTaskThread "GC Thread#1" [stack: 0x0000006356400000,0x0000006356500000] [id=6376]
  0x000001e7b5373870 GCTaskThread "GC Thread#2" [stack: 0x0000006356500000,0x0000006356600000] [id=8340]
  0x000001e7b5375850 GCTaskThread "GC Thread#3" [stack: 0x0000006356600000,0x0000006356700000] [id=16692]
  0x000001e7b5374200 GCTaskThread "GC Thread#4" [stack: 0x0000006356700000,0x0000006356800000] [id=19188]
  0x000001e7b53751f0 GCTaskThread "GC Thread#5" [stack: 0x0000006356800000,0x0000006356900000] [id=16396]
  0x000001e78e7db2f0 ConcurrentGCThread "G1 Main Marker" [stack: 0x0000006354c00000,0x0000006354d00000] [id=4304]
  0x000001e78e7dc490 ConcurrentGCThread "G1 Conc#0" [stack: 0x0000006354d00000,0x0000006354e00000] [id=11348]
  0x000001e7b42324d0 ConcurrentGCThread "G1 Refine#0" [stack: 0x0000006354e00000,0x0000006354f00000] [id=14540]
  0x000001e7b4232fe0 ConcurrentGCThread "G1 Young RemSet Sampling" [stack: 0x0000006354f00000,0x0000006355000000] [id=10076]

Threads with active compile tasks:

VM state: not at safepoint (normal execution)

VM Mutex/Monitor currently owned by a thread: None

Heap address: 0x0000000701600000, size: 4074 MB, Compressed Oops mode: Zero based, Oop shift amount: 3
CDS archive(s) mapped at: [0x0000000800000000-0x0000000800b50000-0x0000000800b50000), size 11862016, SharedBaseAddress: 0x0000000800000000, ArchiveRelocationMode: 0.
Compressed class space mapped at: 0x0000000800b50000-0x0000000840b50000, size: 1073741824
Narrow klass base: 0x0000000800000000, Narrow klass shift: 3, Narrow klass range: 0x100000000

GC Precious Log:
 CPUs: 12 total, 12 available
 Memory: 16295M
 Large Page Support: Disabled
 NUMA Support: Disabled
 Compressed Oops: Enabled (Zero based)
 Heap Region Size: 2M
 Heap Min Capacity: 8M
 Heap Initial Capacity: 256M
 Heap Max Capacity: 4074M
 Pre-touch: Disabled
 Parallel Workers: 10
 Concurrent Workers: 3
 Concurrent Refinement Workers: 10
 Periodic GC: Disabled

Heap:
 garbage-first heap   total 262144K, used 36845K [0x0000000701600000, 0x0000000800000000)
  region size 2048K, 17 young (34816K), 4 survivors (8192K)
 Metaspace       used 7682K, capacity 9270K, committed 9472K, reserved 1058816K
  class space    used 451K, capacity 676K, committed 768K, reserved 1048576K

Heap Regions: E=young(eden), S=young(survivor), O=old, HS=humongous(starts), HC=humongous(continues), CS=collection set, F=free, OA=open archive, CA=closed archive, TAMS=top-at-mark-start (previous, next)
|   0|0x0000000701600000, 0x0000000701800000, 0x0000000701800000|100%|HS|  |TAMS 0x0000000701600000, 0x0000000701600000| Complete 
|   1|0x0000000701800000, 0x0000000701a00000, 0x0000000701a00000|100%|HC|  |TAMS 0x0000000701800000, 0x0000000701800000| Complete 
|   2|0x0000000701a00000, 0x0000000701a00000, 0x0000000701c00000|  0%| F|  |TAMS 0x0000000701a00000, 0x0000000701a00000| Untracked 
|   3|0x0000000701c00000, 0x0000000701c00000, 0x0000000701e00000|  0%| F|  |TAMS 0x0000000701c00000, 0x0000000701c00000| Untracked 
|   4|0x0000000701e00000, 0x0000000701e00000, 0x0000000702000000|  0%| F|  |TAMS 0x0000000701e00000, 0x0000000701e00000| Untracked 
|   5|0x0000000702000000, 0x0000000702000000, 0x0000000702200000|  0%| F|  |TAMS 0x0000000702000000, 0x0000000702000000| Untracked 
|   6|0x0000000702200000, 0x0000000702200000, 0x0000000702400000|  0%| F|  |TAMS 0x0000000702200000, 0x0000000702200000| Untracked 
|   7|0x0000000702400000, 0x0000000702400000, 0x0000000702600000|  0%| F|  |TAMS 0x0000000702400000, 0x0000000702400000| Untracked 
|   8|0x0000000702600000, 0x0000000702600000, 0x0000000702800000|  0%| F|  |TAMS 0x0000000702600000, 0x0000000702600000| Untracked 
|   9|0x0000000702800000, 0x0000000702800000, 0x0000000702a00000|  0%| F|  |TAMS 0x0000000702800000, 0x0000000702800000| Untracked 
|  10|0x0000000702a00000, 0x0000000702a00000, 0x0000000702c00000|  0%| F|  |TAMS 0x0000000702a00000, 0x0000000702a00000| Untracked 
|  11|0x0000000702c00000, 0x0000000702c00000, 0x0000000702e00000|  0%| F|  |TAMS 0x0000000702c00000, 0x0000000702c00000| Untracked 
|  12|0x0000000702e00000, 0x0000000702e00000, 0x0000000703000000|  0%| F|  |TAMS 0x0000000702e00000, 0x0000000702e00000| Untracked 
|  13|0x0000000703000000, 0x0000000703000000, 0x0000000703200000|  0%| F|  |TAMS 0x0000000703000000, 0x0000000703000000| Untracked 
|  14|0x0000000703200000, 0x0000000703200000, 0x0000000703400000|  0%| F|  |TAMS 0x0000000703200000, 0x0000000703200000| Untracked 
|  15|0x0000000703400000, 0x0000000703400000, 0x0000000703600000|  0%| F|  |TAMS 0x0000000703400000, 0x0000000703400000| Untracked 
|  16|0x0000000703600000, 0x0000000703600000, 0x0000000703800000|  0%| F|  |TAMS 0x0000000703600000, 0x0000000703600000| Untracked 
|  17|0x0000000703800000, 0x0000000703800000, 0x0000000703a00000|  0%| F|  |TAMS 0x0000000703800000, 0x0000000703800000| Untracked 
|  18|0x0000000703a00000, 0x0000000703a00000, 0x0000000703c00000|  0%| F|  |TAMS 0x0000000703a00000, 0x0000000703a00000| Untracked 
|  19|0x0000000703c00000, 0x0000000703c00000, 0x0000000703e00000|  0%| F|  |TAMS 0x0000000703c00000, 0x0000000703c00000| Untracked 
|  20|0x0000000703e00000, 0x0000000703e00000, 0x0000000704000000|  0%| F|  |TAMS 0x0000000703e00000, 0x0000000703e00000| Untracked 
|  21|0x0000000704000000, 0x0000000704000000, 0x0000000704200000|  0%| F|  |TAMS 0x0000000704000000, 0x0000000704000000| Untracked 
|  22|0x0000000704200000, 0x0000000704200000, 0x0000000704400000|  0%| F|  |TAMS 0x0000000704200000, 0x0000000704200000| Untracked 
|  23|0x0000000704400000, 0x0000000704400000, 0x0000000704600000|  0%| F|  |TAMS 0x0000000704400000, 0x0000000704400000| Untracked 
|  24|0x0000000704600000, 0x0000000704600000, 0x0000000704800000|  0%| F|  |TAMS 0x0000000704600000, 0x0000000704600000| Untracked 
|  25|0x0000000704800000, 0x0000000704800000, 0x0000000704a00000|  0%| F|  |TAMS 0x0000000704800000, 0x0000000704800000| Untracked 
|  26|0x0000000704a00000, 0x0000000704a00000, 0x0000000704c00000|  0%| F|  |TAMS 0x0000000704a00000, 0x0000000704a00000| Untracked 
|  27|0x0000000704c00000, 0x0000000704c00000, 0x0000000704e00000|  0%| F|  |TAMS 0x0000000704c00000, 0x0000000704c00000| Untracked 
|  28|0x0000000704e00000, 0x0000000704e00000, 0x0000000705000000|  0%| F|  |TAMS 0x0000000704e00000, 0x0000000704e00000| Untracked 
|  29|0x0000000705000000, 0x0000000705000000, 0x0000000705200000|  0%| F|  |TAMS 0x0000000705000000, 0x0000000705000000| Untracked 
|  30|0x0000000705200000, 0x0000000705200000, 0x0000000705400000|  0%| F|  |TAMS 0x0000000705200000, 0x0000000705200000| Untracked 
|  31|0x0000000705400000, 0x0000000705400000, 0x0000000705600000|  0%| F|  |TAMS 0x0000000705400000, 0x0000000705400000| Untracked 
|  32|0x0000000705600000, 0x0000000705600000, 0x0000000705800000|  0%| F|  |TAMS 0x0000000705600000, 0x0000000705600000| Untracked 
|  33|0x0000000705800000, 0x0000000705800000, 0x0000000705a00000|  0%| F|  |TAMS 0x0000000705800000, 0x0000000705800000| Untracked 
|  34|0x0000000705a00000, 0x0000000705a00000, 0x0000000705c00000|  0%| F|  |TAMS 0x0000000705a00000, 0x0000000705a00000| Untracked 
|  35|0x0000000705c00000, 0x0000000705c00000, 0x0000000705e00000|  0%| F|  |TAMS 0x0000000705c00000, 0x0000000705c00000| Untracked 
|  36|0x0000000705e00000, 0x0000000705e00000, 0x0000000706000000|  0%| F|  |TAMS 0x0000000705e00000, 0x0000000705e00000| Untracked 
|  37|0x0000000706000000, 0x0000000706000000, 0x0000000706200000|  0%| F|  |TAMS 0x0000000706000000, 0x0000000706000000| Untracked 
|  38|0x0000000706200000, 0x0000000706200000, 0x0000000706400000|  0%| F|  |TAMS 0x0000000706200000, 0x0000000706200000| Untracked 
|  39|0x0000000706400000, 0x0000000706400000, 0x0000000706600000|  0%| F|  |TAMS 0x0000000706400000, 0x0000000706400000| Untracked 
|  40|0x0000000706600000, 0x0000000706600000, 0x0000000706800000|  0%| F|  |TAMS 0x0000000706600000, 0x0000000706600000| Untracked 
|  41|0x0000000706800000, 0x0000000706800000, 0x0000000706a00000|  0%| F|  |TAMS 0x0000000706800000, 0x0000000706800000| Untracked 
|  42|0x0000000706a00000, 0x0000000706a00000, 0x0000000706c00000|  0%| F|  |TAMS 0x0000000706a00000, 0x0000000706a00000| Untracked 
|  43|0x0000000706c00000, 0x0000000706c00000, 0x0000000706e00000|  0%| F|  |TAMS 0x0000000706c00000, 0x0000000706c00000| Untracked 
|  44|0x0000000706e00000, 0x0000000706e00000, 0x0000000707000000|  0%| F|  |TAMS 0x0000000706e00000, 0x0000000706e00000| Untracked 
|  45|0x0000000707000000, 0x0000000707000000, 0x0000000707200000|  0%| F|  |TAMS 0x0000000707000000, 0x0000000707000000| Untracked 
|  46|0x0000000707200000, 0x0000000707200000, 0x0000000707400000|  0%| F|  |TAMS 0x0000000707200000, 0x0000000707200000| Untracked 
|  47|0x0000000707400000, 0x0000000707400000, 0x0000000707600000|  0%| F|  |TAMS 0x0000000707400000, 0x0000000707400000| Untracked 
|  48|0x0000000707600000, 0x00000007077fb6c0, 0x0000000707800000| 99%| S|CS|TAMS 0x0000000707600000, 0x0000000707600000| Complete 
|  49|0x0000000707800000, 0x0000000707a00000, 0x0000000707a00000|100%| S|CS|TAMS 0x0000000707800000, 0x0000000707800000| Complete 
|  50|0x0000000707a00000, 0x0000000707c00000, 0x0000000707c00000|100%| S|CS|TAMS 0x0000000707a00000, 0x0000000707a00000| Complete 
|  51|0x0000000707c00000, 0x0000000707e00000, 0x0000000707e00000|100%| S|CS|TAMS 0x0000000707c00000, 0x0000000707c00000| Complete 
|  52|0x0000000707e00000, 0x0000000707e00000, 0x0000000708000000|  0%| F|  |TAMS 0x0000000707e00000, 0x0000000707e00000| Untracked 
|  53|0x0000000708000000, 0x0000000708000000, 0x0000000708200000|  0%| F|  |TAMS 0x0000000708000000, 0x0000000708000000| Untracked 
|  54|0x0000000708200000, 0x0000000708200000, 0x0000000708400000|  0%| F|  |TAMS 0x0000000708200000, 0x0000000708200000| Untracked 
|  55|0x0000000708400000, 0x0000000708400000, 0x0000000708600000|  0%| F|  |TAMS 0x0000000708400000, 0x0000000708400000| Untracked 
|  56|0x0000000708600000, 0x0000000708600000, 0x0000000708800000|  0%| F|  |TAMS 0x0000000708600000, 0x0000000708600000| Untracked 
|  57|0x0000000708800000, 0x0000000708800000, 0x0000000708a00000|  0%| F|  |TAMS 0x0000000708800000, 0x0000000708800000| Untracked 
|  58|0x0000000708a00000, 0x0000000708a00000, 0x0000000708c00000|  0%| F|  |TAMS 0x0000000708a00000, 0x0000000708a00000| Untracked 
|  59|0x0000000708c00000, 0x0000000708c00000, 0x0000000708e00000|  0%| F|  |TAMS 0x0000000708c00000, 0x0000000708c00000| Untracked 
|  60|0x0000000708e00000, 0x0000000708e00000, 0x0000000709000000|  0%| F|  |TAMS 0x0000000708e00000, 0x0000000708e00000| Untracked 
|  61|0x0000000709000000, 0x0000000709000000, 0x0000000709200000|  0%| F|  |TAMS 0x0000000709000000, 0x0000000709000000| Untracked 
|  62|0x0000000709200000, 0x0000000709200000, 0x0000000709400000|  0%| F|  |TAMS 0x0000000709200000, 0x0000000709200000| Untracked 
|  63|0x0000000709400000, 0x0000000709400000, 0x0000000709600000|  0%| F|  |TAMS 0x0000000709400000, 0x0000000709400000| Untracked 
|  64|0x0000000709600000, 0x0000000709600000, 0x0000000709800000|  0%| F|  |TAMS 0x0000000709600000, 0x0000000709600000| Untracked 
|  65|0x0000000709800000, 0x0000000709800000, 0x0000000709a00000|  0%| F|  |TAMS 0x0000000709800000, 0x0000000709800000| Untracked 
|  66|0x0000000709a00000, 0x0000000709a00000, 0x0000000709c00000|  0%| F|  |TAMS 0x0000000709a00000, 0x0000000709a00000| Untracked 
|  67|0x0000000709c00000, 0x0000000709c00000, 0x0000000709e00000|  0%| F|  |TAMS 0x0000000709c00000, 0x0000000709c00000| Untracked 
|  68|0x0000000709e00000, 0x0000000709e00000, 0x000000070a000000|  0%| F|  |TAMS 0x0000000709e00000, 0x0000000709e00000| Untracked 
|  69|0x000000070a000000, 0x000000070a000000, 0x000000070a200000|  0%| F|  |TAMS 0x000000070a000000, 0x000000070a000000| Untracked 
|  70|0x000000070a200000, 0x000000070a200000, 0x000000070a400000|  0%| F|  |TAMS 0x000000070a200000, 0x000000070a200000| Untracked 
|  71|0x000000070a400000, 0x000000070a400000, 0x000000070a600000|  0%| F|  |TAMS 0x000000070a400000, 0x000000070a400000| Untracked 
|  72|0x000000070a600000, 0x000000070a600000, 0x000000070a800000|  0%| F|  |TAMS 0x000000070a600000, 0x000000070a600000| Untracked 
|  73|0x000000070a800000, 0x000000070a800000, 0x000000070aa00000|  0%| F|  |TAMS 0x000000070a800000, 0x000000070a800000| Untracked 
|  74|0x000000070aa00000, 0x000000070aa00000, 0x000000070ac00000|  0%| F|  |TAMS 0x000000070aa00000, 0x000000070aa00000| Untracked 
|  75|0x000000070ac00000, 0x000000070ac00000, 0x000000070ae00000|  0%| F|  |TAMS 0x000000070ac00000, 0x000000070ac00000| Untracked 
|  76|0x000000070ae00000, 0x000000070ae00000, 0x000000070b000000|  0%| F|  |TAMS 0x000000070ae00000, 0x000000070ae00000| Untracked 
|  77|0x000000070b000000, 0x000000070b000000, 0x000000070b200000|  0%| F|  |TAMS 0x000000070b000000, 0x000000070b000000| Untracked 
|  78|0x000000070b200000, 0x000000070b200000, 0x000000070b400000|  0%| F|  |TAMS 0x000000070b200000, 0x000000070b200000| Untracked 
|  79|0x000000070b400000, 0x000000070b400000, 0x000000070b600000|  0%| F|  |TAMS 0x000000070b400000, 0x000000070b400000| Untracked 
|  80|0x000000070b600000, 0x000000070b600000, 0x000000070b800000|  0%| F|  |TAMS 0x000000070b600000, 0x000000070b600000| Untracked 
|  81|0x000000070b800000, 0x000000070b800000, 0x000000070ba00000|  0%| F|  |TAMS 0x000000070b800000, 0x000000070b800000| Untracked 
|  82|0x000000070ba00000, 0x000000070ba00000, 0x000000070bc00000|  0%| F|  |TAMS 0x000000070ba00000, 0x000000070ba00000| Untracked 
|  83|0x000000070bc00000, 0x000000070bc00000, 0x000000070be00000|  0%| F|  |TAMS 0x000000070bc00000, 0x000000070bc00000| Untracked 
|  84|0x000000070be00000, 0x000000070be00000, 0x000000070c000000|  0%| F|  |TAMS 0x000000070be00000, 0x000000070be00000| Untracked 
|  85|0x000000070c000000, 0x000000070c000000, 0x000000070c200000|  0%| F|  |TAMS 0x000000070c000000, 0x000000070c000000| Untracked 
|  86|0x000000070c200000, 0x000000070c200000, 0x000000070c400000|  0%| F|  |TAMS 0x000000070c200000, 0x000000070c200000| Untracked 
|  87|0x000000070c400000, 0x000000070c400000, 0x000000070c600000|  0%| F|  |TAMS 0x000000070c400000, 0x000000070c400000| Untracked 
|  88|0x000000070c600000, 0x000000070c600000, 0x000000070c800000|  0%| F|  |TAMS 0x000000070c600000, 0x000000070c600000| Untracked 
|  89|0x000000070c800000, 0x000000070c800000, 0x000000070ca00000|  0%| F|  |TAMS 0x000000070c800000, 0x000000070c800000| Untracked 
|  90|0x000000070ca00000, 0x000000070ca00000, 0x000000070cc00000|  0%| F|  |TAMS 0x000000070ca00000, 0x000000070ca00000| Untracked 
|  91|0x000000070cc00000, 0x000000070cc00000, 0x000000070ce00000|  0%| F|  |TAMS 0x000000070cc00000, 0x000000070cc00000| Untracked 
|  92|0x000000070ce00000, 0x000000070ce00000, 0x000000070d000000|  0%| F|  |TAMS 0x000000070ce00000, 0x000000070ce00000| Untracked 
|  93|0x000000070d000000, 0x000000070d000000, 0x000000070d200000|  0%| F|  |TAMS 0x000000070d000000, 0x000000070d000000| Untracked 
|  94|0x000000070d200000, 0x000000070d200000, 0x000000070d400000|  0%| F|  |TAMS 0x000000070d200000, 0x000000070d200000| Untracked 
|  95|0x000000070d400000, 0x000000070d400000, 0x000000070d600000|  0%| F|  |TAMS 0x000000070d400000, 0x000000070d400000| Untracked 
|  96|0x000000070d600000, 0x000000070d600000, 0x000000070d800000|  0%| F|  |TAMS 0x000000070d600000, 0x000000070d600000| Untracked 
|  97|0x000000070d800000, 0x000000070d800000, 0x000000070da00000|  0%| F|  |TAMS 0x000000070d800000, 0x000000070d800000| Untracked 
|  98|0x000000070da00000, 0x000000070da00000, 0x000000070dc00000|  0%| F|  |TAMS 0x000000070da00000, 0x000000070da00000| Untracked 
|  99|0x000000070dc00000, 0x000000070dc00000, 0x000000070de00000|  0%| F|  |TAMS 0x000000070dc00000, 0x000000070dc00000| Untracked 
| 100|0x000000070de00000, 0x000000070de00000, 0x000000070e000000|  0%| F|  |TAMS 0x000000070de00000, 0x000000070de00000| Untracked 
| 101|0x000000070e000000, 0x000000070e000000, 0x000000070e200000|  0%| F|  |TAMS 0x000000070e000000, 0x000000070e000000| Untracked 
| 102|0x000000070e200000, 0x000000070e200000, 0x000000070e400000|  0%| F|  |TAMS 0x000000070e200000, 0x000000070e200000| Untracked 
| 103|0x000000070e400000, 0x000000070e400000, 0x000000070e600000|  0%| F|  |TAMS 0x000000070e400000, 0x000000070e400000| Untracked 
| 104|0x000000070e600000, 0x000000070e600000, 0x000000070e800000|  0%| F|  |TAMS 0x000000070e600000, 0x000000070e600000| Untracked 
| 105|0x000000070e800000, 0x000000070e800000, 0x000000070ea00000|  0%| F|  |TAMS 0x000000070e800000, 0x000000070e800000| Untracked 
| 106|0x000000070ea00000, 0x000000070ea00000, 0x000000070ec00000|  0%| F|  |TAMS 0x000000070ea00000, 0x000000070ea00000| Untracked 
| 107|0x000000070ec00000, 0x000000070ec00000, 0x000000070ee00000|  0%| F|  |TAMS 0x000000070ec00000, 0x000000070ec00000| Untracked 
| 108|0x000000070ee00000, 0x000000070ee00000, 0x000000070f000000|  0%| F|  |TAMS 0x000000070ee00000, 0x000000070ee00000| Untracked 
| 109|0x000000070f000000, 0x000000070f000000, 0x000000070f200000|  0%| F|  |TAMS 0x000000070f000000, 0x000000070f000000| Untracked 
| 110|0x000000070f200000, 0x000000070f200000, 0x000000070f400000|  0%| F|  |TAMS 0x000000070f200000, 0x000000070f200000| Untracked 
| 111|0x000000070f400000, 0x000000070f400000, 0x000000070f600000|  0%| F|  |TAMS 0x000000070f400000, 0x000000070f400000| Untracked 
| 112|0x000000070f600000, 0x000000070f600000, 0x000000070f800000|  0%| F|  |TAMS 0x000000070f600000, 0x000000070f600000| Untracked 
| 113|0x000000070f800000, 0x000000070f800000, 0x000000070fa00000|  0%| F|  |TAMS 0x000000070f800000, 0x000000070f800000| Untracked 
| 114|0x000000070fa00000, 0x000000070fa00000, 0x000000070fc00000|  0%| F|  |TAMS 0x000000070fa00000, 0x000000070fa00000| Untracked 
| 115|0x000000070fc00000, 0x000000070fd00800, 0x000000070fe00000| 50%| E|  |TAMS 0x000000070fc00000, 0x000000070fc00000| Complete 
| 116|0x000000070fe00000, 0x0000000710000000, 0x0000000710000000|100%| E|CS|TAMS 0x000000070fe00000, 0x000000070fe00000| Complete 
| 117|0x0000000710000000, 0x0000000710200000, 0x0000000710200000|100%| E|CS|TAMS 0x0000000710000000, 0x0000000710000000| Complete 
| 118|0x0000000710200000, 0x0000000710400000, 0x0000000710400000|100%| E|CS|TAMS 0x0000000710200000, 0x0000000710200000| Complete 
| 119|0x0000000710400000, 0x0000000710600000, 0x0000000710600000|100%| E|CS|TAMS 0x0000000710400000, 0x0000000710400000| Complete 
| 120|0x0000000710600000, 0x0000000710800000, 0x0000000710800000|100%| E|CS|TAMS 0x0000000710600000, 0x0000000710600000| Complete 
| 121|0x0000000710800000, 0x0000000710a00000, 0x0000000710a00000|100%| E|CS|TAMS 0x0000000710800000, 0x0000000710800000| Complete 
| 122|0x0000000710a00000, 0x0000000710c00000, 0x0000000710c00000|100%| E|CS|TAMS 0x0000000710a00000, 0x0000000710a00000| Complete 
| 123|0x0000000710c00000, 0x0000000710e00000, 0x0000000710e00000|100%| E|CS|TAMS 0x0000000710c00000, 0x0000000710c00000| Complete 
| 124|0x0000000710e00000, 0x0000000711000000, 0x0000000711000000|100%| E|CS|TAMS 0x0000000710e00000, 0x0000000710e00000| Complete 
| 125|0x0000000711000000, 0x0000000711200000, 0x0000000711200000|100%| E|CS|TAMS 0x0000000711000000, 0x0000000711000000| Complete 
| 126|0x0000000711200000, 0x0000000711400000, 0x0000000711400000|100%| E|CS|TAMS 0x0000000711200000, 0x0000000711200000| Complete 
| 127|0x0000000711400000, 0x0000000711600000, 0x0000000711600000|100%| E|CS|TAMS 0x0000000711400000, 0x0000000711400000| Complete 

Card table byte_map: [0x000001e7a87b0000,0x000001e7a8fb0000] _byte_map_base: 0x000001e7a4fa5000

Marking Bits (Prev, Next): (CMBitMap*) 0x000001e78e7da9c0, (CMBitMap*) 0x000001e78e7daa00
 Prev Bits: [0x000001e7a97b0000, 0x000001e7ad758000)
 Next Bits: [0x000001e7ad760000, 0x000001e7b1708000)

Polling page: 0x000001e78e6a0000

Metaspace:

Usage:
  Non-class:      8.39 MB capacity,     7.06 MB ( 84%) used,     1.31 MB ( 16%) free+waste,    17.38 KB ( <1%) overhead. 
      Class:    676.00 KB capacity,   451.12 KB ( 67%) used,   218.51 KB ( 32%) free+waste,     6.38 KB ( <1%) overhead. 
       Both:      9.05 MB capacity,     7.50 MB ( 83%) used,     1.53 MB ( 17%) free+waste,    23.75 KB ( <1%) overhead. 

Virtual space:
  Non-class space:       10.00 MB reserved,       8.50 MB ( 85%) committed 
      Class space:        1.00 GB reserved,     768.00 KB ( <1%) committed 
             Both:        1.01 GB reserved,       9.25 MB ( <1%) committed 

Chunk freelists:
   Non-Class:  46.00 KB
       Class:  0 bytes
        Both:  46.00 KB

MaxMetaspaceSize: 17179869184.00 GB
CompressedClassSpaceSize: 1.00 GB

CodeHeap 'non-profiled nmethods': size=120000Kb used=862Kb max_used=862Kb free=119137Kb
 bounds [0x000001e7a0520000, 0x000001e7a0790000, 0x000001e7a7a50000]
CodeHeap 'profiled nmethods': size=120000Kb used=2929Kb max_used=2929Kb free=117070Kb
 bounds [0x000001e798ff0000, 0x000001e7992d0000, 0x000001e7a0520000]
CodeHeap 'non-nmethods': size=5760Kb used=1681Kb max_used=1729Kb free=4078Kb
 bounds [0x000001e798a50000, 0x000001e798cc0000, 0x000001e798ff0000]
 total_blobs=2389 nmethods=1408 adapters=894
 compilation: enabled
              stopped_count=0, restarted_count=0
 full_count=0

Compilation events (20 events):
Event: 2.875 Thread 0x000001e7b4bd76c0 nmethod 1396 0x000001e7992c8690 code [0x000001e7992c8820, 0x000001e7992c89f8]
Event: 2.875 Thread 0x000001e7b4bd76c0 1397       1       java.util.Formatter$FormatSpecifier::index (5 bytes)
Event: 2.875 Thread 0x000001e7b4bd76c0 nmethod 1397 0x000001e7a05f6f90 code [0x000001e7a05f7120, 0x000001e7a05f71d8]
Event: 2.875 Thread 0x000001e7b4bd76c0 1400       1       java.util.stream.IntPipeline$StatelessOp::opIsStateful (2 bytes)
Event: 2.875 Thread 0x000001e7b4bd76c0 nmethod 1400 0x000001e7a05f7290 code [0x000001e7a05f7420, 0x000001e7a05f74d8]
Event: 2.875 Thread 0x000001e7b4bd1800 nmethod 1399 0x000001e7a05f7590 code [0x000001e7a05f7700, 0x000001e7a05f7798]
Event: 3.116 Thread 0x000001e7b4bd76c0 1402       3       java.util.regex.Pattern$BranchConn::match (11 bytes)
Event: 3.116 Thread 0x000001e7b4bd76c0 nmethod 1402 0x000001e7992c8a90 code [0x000001e7992c8c40, 0x000001e7992c8e48]
Event: 3.116 Thread 0x000001e7b4bd76c0 1403       3       java.util.Formatter::checkText (58 bytes)
Event: 3.117 Thread 0x000001e7b4bd76c0 nmethod 1403 0x000001e7992c8f10 code [0x000001e7992c91c0, 0x000001e7992c9e58]
Event: 3.117 Thread 0x000001e7b4bd76c0 1404       3       java.util.Locale::equals (75 bytes)
Event: 3.117 Thread 0x000001e7b4bd76c0 nmethod 1404 0x000001e7992ca490 code [0x000001e7992ca680, 0x000001e7992cadd8]
Event: 3.128 Thread 0x000001e7b4bd76c0 1405       3       java.util.Formatter::ensureOpen (16 bytes)
Event: 3.128 Thread 0x000001e7b4bd76c0 nmethod 1405 0x000001e7992caf90 code [0x000001e7992cb140, 0x000001e7992cb308]
Event: 3.128 Thread 0x000001e7b4bd76c0 1406       3       java.lang.CharacterDataLatin1::toUpperCaseEx (71 bytes)
Event: 3.128 Thread 0x000001e7b4bd76c0 nmethod 1406 0x000001e7992cb410 code [0x000001e7992cb5c0, 0x000001e7992cb878]
Event: 3.710 Thread 0x000001e7b4bd76c0 1407       3       java.util.Formatter$Conversion::isInteger (48 bytes)
Event: 3.710 Thread 0x000001e7b4bd76c0 nmethod 1407 0x000001e7992cb990 code [0x000001e7992cbb20, 0x000001e7992cbcb8]
Event: 3.722 Thread 0x000001e7b4bd76c0 1408       3       java.util.regex.Matcher::find (35 bytes)
Event: 3.723 Thread 0x000001e7b4bd76c0 nmethod 1408 0x000001e7992cbd90 code [0x000001e7992cbf80, 0x000001e7992cc398]

GC Heap History (6 events):
Event: 0.904 GC heap before
{Heap before GC invocations=0 (full 0):
 garbage-first heap   total 262144K, used 20480K [0x0000000701600000, 0x0000000800000000)
  region size 2048K, 11 young (22528K), 0 survivors (0K)
 Metaspace       used 5278K, capacity 8058K, committed 8320K, reserved 1056768K
  class space    used 302K, capacity 581K, committed 640K, reserved 1048576K
}
Event: 0.906 GC heap after
{Heap after GC invocations=1 (full 0):
 garbage-first heap   total 262144K, used 2983K [0x0000000701600000, 0x0000000800000000)
  region size 2048K, 2 young (4096K), 2 survivors (4096K)
 Metaspace       used 5278K, capacity 8058K, committed 8320K, reserved 1056768K
  class space    used 302K, capacity 581K, committed 640K, reserved 1048576K
}
Event: 1.557 GC heap before
{Heap before GC invocations=1 (full 0):
 garbage-first heap   total 262144K, used 39847K [0x0000000701600000, 0x0000000800000000)
  region size 2048K, 18 young (36864K), 2 survivors (4096K)
 Metaspace       used 7596K, capacity 9263K, committed 9472K, reserved 1058816K
  class space    used 450K, capacity 676K, committed 768K, reserved 1048576K
}
Event: 1.560 GC heap after
{Heap after GC invocations=2 (full 0):
 garbage-first heap   total 262144K, used 8118K [0x0000000701600000, 0x0000000800000000)
  region size 2048K, 2 young (4096K), 2 survivors (4096K)
 Metaspace       used 7596K, capacity 9263K, committed 9472K, reserved 1058816K
  class space    used 450K, capacity 676K, committed 768K, reserved 1048576K
}
Event: 1.710 GC heap before
{Heap before GC invocations=2 (full 0):
 garbage-first heap   total 262144K, used 159670K [0x0000000701600000, 0x0000000800000000)
  region size 2048K, 76 young (155648K), 2 survivors (4096K)
 Metaspace       used 7633K, capacity 9264K, committed 9472K, reserved 1058816K
  class space    used 450K, capacity 676K, committed 768K, reserved 1048576K
}
Event: 1.714 GC heap after
{Heap after GC invocations=3 (full 0):
 garbage-first heap   total 262144K, used 12269K [0x0000000701600000, 0x0000000800000000)
  region size 2048K, 4 young (8192K), 4 survivors (8192K)
 Metaspace       used 7633K, capacity 9264K, committed 9472K, reserved 1058816K
  class space    used 450K, capacity 676K, committed 768K, reserved 1048576K
}

Deoptimization events (20 events):
Event: 1.873 Thread 0x000001e790821900 DEOPT PACKING pc=0x000001e7a059a7cc sp=0x0000006354afe1a0
Event: 1.873 Thread 0x000001e790821900 DEOPT UNPACKING pc=0x000001e798a9e42f sp=0x0000006354afe148 mode 2
Event: 1.873 Thread 0x000001e790821900 Uncommon trap: trap_request=0xffffffde fr.pc=0x000001e7a059a7cc relative=0x000000000000036c
Event: 1.873 Thread 0x000001e790821900 Uncommon trap: reason=class_check action=maybe_recompile pc=0x000001e7a059a7cc method=java.util.regex.Pattern$BmpCharPropertyGreedy.match(Ljava/util/regex/Matcher;ILjava/lang/CharSequence;)Z @ 26 c2
Event: 1.873 Thread 0x000001e790821900 DEOPT PACKING pc=0x000001e7a059a7cc sp=0x0000006354afe140
Event: 1.873 Thread 0x000001e790821900 DEOPT UNPACKING pc=0x000001e798a9e42f sp=0x0000006354afe0e8 mode 2
Event: 1.873 Thread 0x000001e790821900 Uncommon trap: trap_request=0xffffffde fr.pc=0x000001e7a059a7cc relative=0x000000000000036c
Event: 1.873 Thread 0x000001e790821900 Uncommon trap: reason=class_check action=maybe_recompile pc=0x000001e7a059a7cc method=java.util.regex.Pattern$BmpCharPropertyGreedy.match(Ljava/util/regex/Matcher;ILjava/lang/CharSequence;)Z @ 26 c2
Event: 1.873 Thread 0x000001e790821900 DEOPT PACKING pc=0x000001e7a059a7cc sp=0x0000006354afdec0
Event: 1.873 Thread 0x000001e790821900 DEOPT UNPACKING pc=0x000001e798a9e42f sp=0x0000006354afde68 mode 2
Event: 1.873 Thread 0x000001e790821900 Uncommon trap: trap_request=0xffffffde fr.pc=0x000001e7a059a7cc relative=0x000000000000036c
Event: 1.873 Thread 0x000001e790821900 Uncommon trap: reason=class_check action=maybe_recompile pc=0x000001e7a059a7cc method=java.util.regex.Pattern$BmpCharPropertyGreedy.match(Ljava/util/regex/Matcher;ILjava/lang/CharSequence;)Z @ 26 c2
Event: 1.873 Thread 0x000001e790821900 DEOPT PACKING pc=0x000001e7a059a7cc sp=0x0000006354afdbd0
Event: 1.873 Thread 0x000001e790821900 DEOPT UNPACKING pc=0x000001e798a9e42f sp=0x0000006354afdb78 mode 2
Event: 1.873 Thread 0x000001e790821900 Uncommon trap: trap_request=0xffffffde fr.pc=0x000001e7a059b7c4 relative=0x0000000000000564
Event: 1.873 Thread 0x000001e790821900 Uncommon trap: reason=class_check action=maybe_recompile pc=0x000001e7a059b7c4 method=java.util.regex.Pattern$Start.match(Ljava/util/regex/Matcher;ILjava/lang/CharSequence;)Z @ 44 c2
Event: 1.874 Thread 0x000001e790821900 DEOPT PACKING pc=0x000001e7a059b7c4 sp=0x0000006354afe340
Event: 1.874 Thread 0x000001e790821900 DEOPT UNPACKING pc=0x000001e798a9e42f sp=0x0000006354afe320 mode 2
Event: 2.874 Thread 0x000001e790821900 DEOPT PACKING pc=0x000001e7992c3cac sp=0x0000006354afe520
Event: 2.874 Thread 0x000001e790821900 DEOPT UNPACKING pc=0x000001e798a9e23f sp=0x0000006354afd9e0 mode 0

Classes unloaded (0 events):
No events

Classes redefined (0 events):
No events

Internal exceptions (20 events):
Event: 0.259 Thread 0x000001e790821900 Exception <a 'java/lang/NoSuchMethodError'{0x0000000710ca5c28}: 'java.lang.Object java.lang.invoke.DirectMethodHandle$Holder.invokeStatic(java.lang.Object, java.lang.Object, int)'> (0x0000000710ca5c28) 
thrown [./open/src/hotspot/share/interpreter/linkResolver.cpp, line 782]
Event: 0.260 Thread 0x000001e790821900 Exception <a 'java/lang/NoSuchMethodError'{0x0000000710cb1dd8}: 'void java.lang.invoke.DelegatingMethodHandle$Holder.delegate(java.lang.Object, java.lang.Object, int, java.lang.Object)'> (0x0000000710cb1dd8) 
thrown [./open/src/hotspot/share/interpreter/linkResolver.cpp, line 782]
Event: 0.261 Thread 0x000001e790821900 Exception <a 'java/lang/NoSuchMethodError'{0x0000000710cb5f28}: 'int java.lang.invoke.DirectMethodHandle$Holder.invokeSpecial(java.lang.Object, java.lang.Object, java.lang.Object)'> (0x0000000710cb5f28) 
thrown [./open/src/hotspot/share/interpreter/linkResolver.cpp, line 782]
Event: 0.295 Thread 0x000001e790821900 Exception <a 'sun/nio/fs/WindowsException'{0x0000000710a0d120}> (0x0000000710a0d120) 
thrown [./open/src/hotspot/share/prims/jni.cpp, line 578]
Event: 0.296 Thread 0x000001e790821900 Exception <a 'sun/nio/fs/WindowsException'{0x0000000710a0e750}> (0x0000000710a0e750) 
thrown [./open/src/hotspot/share/prims/jni.cpp, line 578]
Event: 0.329 Thread 0x000001e790821900 Exception <a 'sun/nio/fs/WindowsException'{0x000000071082ac58}> (0x000000071082ac58) 
thrown [./open/src/hotspot/share/prims/jni.cpp, line 578]
Event: 0.329 Thread 0x000001e790821900 Exception <a 'sun/nio/fs/WindowsException'{0x000000071082aff8}> (0x000000071082aff8) 
thrown [./open/src/hotspot/share/prims/jni.cpp, line 578]
Event: 0.348 Thread 0x000001e790821900 Exception <a 'sun/nio/fs/WindowsException'{0x00000007109341c8}> (0x00000007109341c8) 
thrown [./open/src/hotspot/share/prims/jni.cpp, line 578]
Event: 0.348 Thread 0x000001e790821900 Exception <a 'sun/nio/fs/WindowsException'{0x0000000710934538}> (0x0000000710934538) 
thrown [./open/src/hotspot/share/prims/jni.cpp, line 578]
Event: 0.805 Thread 0x000001e790821900 Exception <a 'sun/nio/fs/WindowsException'{0x0000000710602bf8}> (0x0000000710602bf8) 
thrown [./open/src/hotspot/share/prims/jni.cpp, line 578]
Event: 0.805 Thread 0x000001e790821900 Exception <a 'sun/nio/fs/WindowsException'{0x0000000710602fa8}> (0x0000000710602fa8) 
thrown [./open/src/hotspot/share/prims/jni.cpp, line 578]
Event: 0.809 Thread 0x000001e790821900 Exception <a 'sun/nio/fs/WindowsException'{0x000000071061b170}> (0x000000071061b170) 
thrown [./open/src/hotspot/share/prims/jni.cpp, line 578]
Event: 0.809 Thread 0x000001e790821900 Exception <a 'sun/nio/fs/WindowsException'{0x000000071061b458}> (0x000000071061b458) 
thrown [./open/src/hotspot/share/prims/jni.cpp, line 578]
Event: 0.951 Thread 0x000001e790821900 Exception <a 'java/lang/ClassNotFoundException'{0x0000000711127de8}: sun/awt/resources/spi/awtProvider> (0x0000000711127de8) 
thrown [./open/src/hotspot/share/classfile/systemDictionary.cpp, line 295]
Event: 0.956 Thread 0x000001e790821900 Exception <a 'java/io/FileNotFoundException'{0x0000000711143330}> (0x0000000711143330) 
thrown [./open/src/hotspot/share/prims/jni.cpp, line 578]
Event: 0.959 Thread 0x000001e790821900 Exception <a 'java/io/FileNotFoundException'{0x0000000711173c78}> (0x0000000711173c78) 
thrown [./open/src/hotspot/share/prims/jni.cpp, line 578]
Event: 0.972 Thread 0x000001e790821900 Exception <a 'java/lang/NoSuchMethodError'{0x00000007111fa0c0}: 'void java.lang.invoke.DirectMethodHandle$Holder.invokeStatic(java.lang.Object, int)'> (0x00000007111fa0c0) 
thrown [./open/src/hotspot/share/interpreter/linkResolver.cpp, line 782]
Event: 0.978 Thread 0x000001e790821900 Exception <a 'java/lang/NoSuchMethodError'{0x0000000710e25d30}: 'java.lang.Object java.lang.invoke.Invokers$Holder.invoke_MT(java.lang.Object, java.lang.Object, java.lang.Object)'> (0x0000000710e25d30) 
thrown [./open/src/hotspot/share/interpreter/linkResolver.cpp, line 782]
Event: 0.984 Thread 0x000001e790821900 Exception <a 'sun/nio/fs/WindowsException'{0x0000000710e680a8}> (0x0000000710e680a8) 
thrown [./open/src/hotspot/share/prims/jni.cpp, line 578]
Event: 0.984 Thread 0x000001e790821900 Exception <a 'sun/nio/fs/WindowsException'{0x0000000710e68430}> (0x0000000710e68430) 
thrown [./open/src/hotspot/share/prims/jni.cpp, line 578]

Events (20 events):
Event: 3.677 Executing VM operation: GetFrameCount
Event: 3.677 Executing VM operation: GetFrameCount done
Event: 3.680 Executing VM operation: GetFrameCount
Event: 3.680 Executing VM operation: GetFrameCount done
Event: 3.680 Executing VM operation: GetStackTrace
Event: 3.680 Executing VM operation: GetStackTrace done
Event: 3.684 Executing VM operation: GetFrameLocation
Event: 3.684 Executing VM operation: GetFrameLocation done
Event: 3.684 Executing VM operation: get/set locals
Event: 3.684 Executing VM operation: get/set locals done
Event: 3.684 Executing VM operation: get/set locals
Event: 3.684 Executing VM operation: get/set locals done
Event: 3.684 Executing VM operation: get/set locals
Event: 3.685 Executing VM operation: get/set locals done
Event: 3.685 Executing VM operation: get/set locals
Event: 3.685 Executing VM operation: get/set locals done
Event: 3.688 Executing VM operation: GetFrameCount
Event: 3.688 Executing VM operation: GetFrameCount done
Event: 3.688 Executing VM operation: GetStackTrace
Event: 3.688 Executing VM operation: GetStackTrace done


Dynamic libraries:
0x00007ff6088a0000 - 0x00007ff6088af000 	C:\Program Files\Java\jdk-15.0.2\bin\java.exe
0x00007ffcbd6b0000 - 0x00007ffcbd8a5000 	C:\WINDOWS\SYSTEM32\ntdll.dll
0x00007ffcbc240000 - 0x00007ffcbc2fe000 	C:\WINDOWS\System32\KERNEL32.DLL
0x00007ffcbb1b0000 - 0x00007ffcbb478000 	C:\WINDOWS\System32\KERNELBASE.dll
0x00007ffcbb480000 - 0x00007ffcbb580000 	C:\WINDOWS\System32\ucrtbase.dll
0x00007ffcb5340000 - 0x00007ffcb5359000 	C:\Program Files\Java\jdk-15.0.2\bin\VCRUNTIME140.dll
0x00007ffcb5320000 - 0x00007ffcb5338000 	C:\Program Files\Java\jdk-15.0.2\bin\jli.dll
0x00007ffcbc6a0000 - 0x00007ffcbc74e000 	C:\WINDOWS\System32\ADVAPI32.dll
0x00007ffcbd330000 - 0x00007ffcbd3ce000 	C:\WINDOWS\System32\msvcrt.dll
0x00007ffcbd130000 - 0x00007ffcbd1cc000 	C:\WINDOWS\System32\sechost.dll
0x00007ffcbbc10000 - 0x00007ffcbbd35000 	C:\WINDOWS\System32\RPCRT4.dll
0x00007ffcbc0a0000 - 0x00007ffcbc240000 	C:\WINDOWS\System32\USER32.dll
0x00007ffca94d0000 - 0x00007ffca976a000 	C:\WINDOWS\WinSxS\amd64_microsoft.windows.common-controls_6595b64144ccf1df_6.0.19041.1110_none_60b5254171f9507e\COMCTL32.dll
0x00007ffcbb180000 - 0x00007ffcbb1a2000 	C:\WINDOWS\System32\win32u.dll
0x00007ffcbc820000 - 0x00007ffcbc84a000 	C:\WINDOWS\System32\GDI32.dll
0x00007ffcbafc0000 - 0x00007ffcbb0cb000 	C:\WINDOWS\System32\gdi32full.dll
0x00007ffcb9c80000 - 0x00007ffcb9c8a000 	C:\WINDOWS\SYSTEM32\VERSION.dll
0x00007ffcbb5f0000 - 0x00007ffcbb68d000 	C:\WINDOWS\System32\msvcp_win.dll
0x00007ffcbd550000 - 0x00007ffcbd580000 	C:\WINDOWS\System32\IMM32.DLL
0x00007ffcb5fd0000 - 0x00007ffcb5fdc000 	C:\Program Files\Java\jdk-15.0.2\bin\vcruntime140_1.dll
0x00007ffca8530000 - 0x00007ffca85c1000 	C:\Program Files\Java\jdk-15.0.2\bin\msvcp140.dll
0x00007ffc9a050000 - 0x00007ffc9abae000 	C:\Program Files\Java\jdk-15.0.2\bin\server\jvm.dll
0x00007ffcbd590000 - 0x00007ffcbd598000 	C:\WINDOWS\System32\PSAPI.DLL
0x00007ffca5190000 - 0x00007ffca5199000 	C:\WINDOWS\SYSTEM32\WSOCK32.dll
0x00007ffcb16a0000 - 0x00007ffcb16c7000 	C:\WINDOWS\SYSTEM32\WINMM.dll
0x00007ffcbc630000 - 0x00007ffcbc69b000 	C:\WINDOWS\System32\WS2_32.dll
0x00007ffcb9c40000 - 0x00007ffcb9c52000 	C:\WINDOWS\SYSTEM32\kernel.appcore.dll
0x00007ffcb5e30000 - 0x00007ffcb5e3a000 	C:\Program Files\Java\jdk-15.0.2\bin\jimage.dll
0x00007ffcad8d0000 - 0x00007ffcadab4000 	C:\WINDOWS\SYSTEM32\DBGHELP.DLL
0x00007ffca23a0000 - 0x00007ffca23cc000 	C:\WINDOWS\SYSTEM32\dbgcore.DLL
0x00007ffcbb6e0000 - 0x00007ffcbb762000 	C:\WINDOWS\System32\bcryptPrimitives.dll
0x00007ffca4690000 - 0x00007ffca46c9000 	C:\Program Files\Java\jdk-15.0.2\bin\jdwp.dll
0x00007ffcb5260000 - 0x00007ffcb526e000 	C:\Program Files\Java\jdk-15.0.2\bin\instrument.dll
0x00007ffcb5270000 - 0x00007ffcb5295000 	C:\Program Files\Java\jdk-15.0.2\bin\java.dll
0x00007ffcbc9e0000 - 0x00007ffcbd124000 	C:\WINDOWS\System32\SHELL32.dll
0x00007ffcb8d80000 - 0x00007ffcb9514000 	C:\WINDOWS\SYSTEM32\windows.storage.dll
0x00007ffcbbd40000 - 0x00007ffcbc094000 	C:\WINDOWS\System32\combase.dll
0x00007ffcba7f0000 - 0x00007ffcba81c000 	C:\WINDOWS\SYSTEM32\Wldp.dll
0x00007ffcbd3d0000 - 0x00007ffcbd47d000 	C:\WINDOWS\System32\SHCORE.dll
0x00007ffcbc850000 - 0x00007ffcbc8a5000 	C:\WINDOWS\System32\shlwapi.dll
0x00007ffcbada0000 - 0x00007ffcbadbf000 	C:\WINDOWS\SYSTEM32\profapi.dll
0x00007ffcb5250000 - 0x00007ffcb525b000 	C:\Program Files\Java\jdk-15.0.2\bin\dt_socket.dll
0x00007ffcba290000 - 0x00007ffcba2cb000 	C:\WINDOWS\SYSTEM32\IPHLPAPI.DLL
0x00007ffcba5d0000 - 0x00007ffcba63a000 	C:\WINDOWS\system32\mswsock.dll
0x00007ffca8300000 - 0x00007ffca8318000 	C:\Program Files\Java\jdk-15.0.2\bin\zip.dll
0x00007ffcb3210000 - 0x00007ffcb3229000 	C:\Program Files\Java\jdk-15.0.2\bin\net.dll
0x00007ffcb14a0000 - 0x00007ffcb15aa000 	C:\WINDOWS\SYSTEM32\WINHTTP.dll
0x00007ffcaaee0000 - 0x00007ffcaaef2000 	C:\Program Files\Java\jdk-15.0.2\bin\nio.dll
0x00007ffc99fe0000 - 0x00007ffc9a044000 	C:\Users\Lukas\AppData\Local\Temp\lwjglLukas\3.2.3-build-13\lwjgl.dll
0x00007ffc59730000 - 0x00007ffc59983000 	C:\Users\Lukas\AppData\Local\Temp\lwjglLukas\3.2.3-build-13\jemalloc.dll
0x00007ffc92830000 - 0x00007ffc92892000 	C:\Users\Lukas\AppData\Local\Temp\lwjglLukas\3.2.3-build-13\glfw.dll
0x00007ffcb8620000 - 0x00007ffcb86be000 	C:\WINDOWS\system32\uxtheme.dll
0x00007ffc99c50000 - 0x00007ffc99c95000 	C:\WINDOWS\SYSTEM32\dinput8.dll
0x00007ffca82c0000 - 0x00007ffca82d1000 	C:\WINDOWS\SYSTEM32\xinput1_4.dll
0x00007ffcbb690000 - 0x00007ffcbb6de000 	C:\WINDOWS\System32\cfgmgr32.dll
0x00007ffcbac10000 - 0x00007ffcbac3c000 	C:\WINDOWS\SYSTEM32\DEVOBJ.dll
0x00007ffcb87d0000 - 0x00007ffcb87ff000 	C:\WINDOWS\SYSTEM32\dwmapi.dll
0x00007ffcb55d0000 - 0x00007ffcb5722000 	C:\WINDOWS\SYSTEM32\inputhost.dll
0x00007ffcbd480000 - 0x00007ffcbd54d000 	C:\WINDOWS\System32\OLEAUT32.dll
0x00007ffcb82b0000 - 0x00007ffcb83a2000 	C:\WINDOWS\SYSTEM32\CoreMessaging.dll
0x00007ffcb6ac0000 - 0x00007ffcb6c14000 	C:\WINDOWS\SYSTEM32\wintypes.dll
0x00007ffcb65b0000 - 0x00007ffcb66a6000 	C:\WINDOWS\SYSTEM32\PROPSYS.dll
0x00007ffcb7ab0000 - 0x00007ffcb7e0e000 	C:\WINDOWS\SYSTEM32\CoreUIComponents.dll
0x00007ffcb9950000 - 0x00007ffcb9983000 	C:\WINDOWS\SYSTEM32\ntmarta.dll
0x00007ffca9e00000 - 0x00007ffca9f31000 	C:\ProgramData\A-Volute\A-Volute.28054DF1F58B4\Modules\ScheduledModules\x64\AudioDevProps2.dll
0x00007ffcbc8b0000 - 0x00007ffcbc9da000 	C:\WINDOWS\System32\ole32.dll
0x00007ffca9f40000 - 0x00007ffca9fee000 	C:\ProgramData\A-Volute\A-Volute.28054DF1F58B4\Modules\ScheduledModules\x64\NahimicOSD.dll
0x00007ffcaab40000 - 0x00007ffcaab60000 	C:\ProgramData\A-Volute\A-Volute.28054DF1F58B4\Modules\ScheduledModules\x64\ProductInfo.dll
0x00007ffcbc300000 - 0x00007ffcbc415000 	C:\WINDOWS\System32\MSCTF.dll
0x00007ffcb9520000 - 0x00007ffcb952d000 	C:\WINDOWS\SYSTEM32\HID.DLL
0x000001e7b6ef0000 - 0x000001e7b735a000 	C:\WINDOWS\System32\SETUPAPI.DLL
0x00007ffcbb770000 - 0x00007ffcbb797000 	C:\WINDOWS\System32\bcrypt.dll
0x00007ffcbb580000 - 0x00007ffcbb5e8000 	C:\WINDOWS\System32\WINTRUST.dll
0x00007ffcbae60000 - 0x00007ffcbafb6000 	C:\WINDOWS\System32\CRYPT32.dll
0x00007ffcbaa50000 - 0x00007ffcbaa62000 	C:\WINDOWS\SYSTEM32\MSASN1.dll
0x00007ffc6e4e0000 - 0x00007ffc6e606000 	C:\WINDOWS\SYSTEM32\opengl32.dll
0x00007ffc6d8b0000 - 0x00007ffc6d8dc000 	C:\WINDOWS\SYSTEM32\GLU32.dll
0x00007ffcbc770000 - 0x00007ffcbc819000 	C:\WINDOWS\System32\clbcatq.dll
0x00007ffc6d290000 - 0x00007ffc6d2bd000 	C:\WINDOWS\System32\DriverStore\FileRepository\u0377495.inf_amd64_58cc395c0bf03a26\B377432\atig6pxx.dll
0x00007ffc6a410000 - 0x00007ffc6d28f000 	C:\WINDOWS\System32\DriverStore\FileRepository\u0377495.inf_amd64_58cc395c0bf03a26\B377432\atio6axx.dll
0x00007ffc75a80000 - 0x00007ffc75aa4000 	C:\WINDOWS\SYSTEM32\dxva2.dll
0x00007ffc6a3d0000 - 0x00007ffc6a40f000 	C:\WINDOWS\System32\DriverStore\FileRepository\u0377495.inf_amd64_58cc395c0bf03a26\B377432\atig6txx.dll
0x00007ffc7fb80000 - 0x00007ffc7fd54000 	C:\WINDOWS\SYSTEM32\atiadlxx.dll
0x00007ffcaa210000 - 0x00007ffcaa259000 	C:\WINDOWS\SYSTEM32\pdh.dll
0x00007ffcb6570000 - 0x00007ffcb65ab000 	C:\WINDOWS\SYSTEM32\dxcore.dll
0x00007ffc76e50000 - 0x00007ffc7701f000 	C:\WINDOWS\SYSTEM32\d3d9.dll
0x00007ffcb5730000 - 0x00007ffcb5829000 	C:\WINDOWS\SYSTEM32\textinputframework.dll
0x00007ffc927d0000 - 0x00007ffc92829000 	C:\Users\Lukas\AppData\Local\Temp\lwjglLukas\3.2.3-build-13\lwjgl_opengl.dll
0x00007ffc58c30000 - 0x00007ffc58db0000 	C:\Program Files\Java\jdk-15.0.2\bin\awt.dll
0x00007ffcb84e0000 - 0x00007ffcb8570000 	C:\WINDOWS\SYSTEM32\apphelp.dll
0x00007ffc90ad0000 - 0x00007ffc90b47000 	C:\Users\Lukas\AppData\Local\Temp\lwjglLukas\3.2.3-build-13\lwjgl_stb.dll

dbghelp: loaded successfully - version: 4.0.5 - missing functions: none
symbol engine: initialized successfully - sym options: 0x614 - pdb path: .;C:\Program Files\Java\jdk-15.0.2\bin;C:\WINDOWS\SYSTEM32;C:\WINDOWS\WinSxS\amd64_microsoft.windows.common-controls_6595b64144ccf1df_6.0.19041.1110_none_60b5254171f9507e;C:\Program Files\Java\jdk-15.0.2\bin\server;C:\Users\Lukas\AppData\Local\Temp\lwjglLukas\3.2.3-build-13;C:\ProgramData\A-Volute\A-Volute.28054DF1F58B4\Modules\ScheduledModules\x64;C:\WINDOWS\System32\DriverStore\FileRepository\u0377495.inf_amd64_58cc395c0bf03a26\B377432

VM Arguments:
jvm_args: -agentlib:jdwp=transport=dt_socket,address=127.0.0.1:65459,suspend=y,server=n -javaagent:C:\Users\Lukas\AppData\Local\JetBrains\IdeaIC2020.3\captureAgent\debugger-agent.jar -Dfile.encoding=UTF-8 
java_command: Main
java_class_path (initial): C:\Users\Lukas\Desktop\Letadlos\out\production\Letadlos;C:\Users\Lukas\Desktop\Grafika\library\lwjgl-assimp-natives-windows.jar;C:\Users\Lukas\Desktop\Grafika\library\lwjgl-assimp.jar;C:\Users\Lukas\Desktop\Grafika\library\lwjgl-bgfx-natives-windows.jar;C:\Users\Lukas\Desktop\Grafika\library\lwjgl-bgfx.jar;C:\Users\Lukas\Desktop\Grafika\library\lwjgl-cuda.jar;C:\Users\Lukas\Desktop\Grafika\library\lwjgl-egl.jar;C:\Users\Lukas\Desktop\Grafika\library\lwjgl-glfw-natives-windows.jar;C:\Users\Lukas\Desktop\Grafika\library\lwjgl-glfw.jar;C:\Users\Lukas\Desktop\Grafika\library\lwjgl-jawt.jar;C:\Users\Lukas\Desktop\Grafika\library\lwjgl-jemalloc-natives-windows.jar;C:\Users\Lukas\Desktop\Grafika\library\lwjgl-jemalloc.jar;C:\Users\Lukas\Desktop\Grafika\library\lwjgl-libdivide-natives-windows.jar;C:\Users\Lukas\Desktop\Grafika\library\lwjgl-libdivide.jar;C:\Users\Lukas\Desktop\Grafika\library\lwjgl-llvm-natives-windows.jar;C:\Users\Lukas\Desktop\Grafika\library\lwjgl-llvm.jar;C:\Users\Lukas\Desktop\Grafika\library\lwjgl-lmdb-natives-windows.jar;C:\Users\Lukas\Desktop\Grafika\library\lwjgl-lmdb.jar;C:\Users\Lukas\Desktop\Grafika\library\lwjgl-lz4-natives-windows.jar;C:\Users\Lukas\Desktop\Grafika\library\lwjgl-lz4.jar;C:\Users\Lukas\Desktop\Grafika\library\lwjgl-meow-natives-windows.jar;C:\Users\Lukas\Desktop\Grafika\library\lwjgl-meow.jar;C:\Users\Lukas\Desktop\Grafika\library\lwjgl-nanovg-natives-windows.jar;C:\Users\Lukas\Desktop\Grafika\library\lwjgl-nanovg.jar;C:\Users\Lukas\Desktop\Grafika\library\lwjgl-natives-windows.jar;C:\Users\Lukas\Desktop\Grafika\library\lwjgl-nfd-natives-windows.jar;C:\Users\Lukas\Desktop\Grafika\library\lwjgl-nfd.jar;C:\Users\Lukas\Desktop\Grafika\library\lwjgl-nuklear-natives-windows.jar;C:\Users\Lukas\Desktop\Grafika\library\lwjgl-nuklear.jar;C:\Users\Lukas\Desktop\Grafika\library\lwjgl-odbc.jar;C:\Users\Lukas\Desktop\Grafika\library\lwjgl-openal-natives-windows.jar;C:\Users\Lukas\Desktop\Grafika\library\lwjgl-op
Launcher Type: SUN_STANDARD

[Global flags]
     intx CICompilerCount                          = 4                                         {product} {ergonomic}
     uint ConcGCThreads                            = 3                                         {product} {ergonomic}
     uint G1ConcRefinementThreads                  = 10                                        {product} {ergonomic}
   size_t G1HeapRegionSize                         = 2097152                                   {product} {ergonomic}
    uintx GCDrainStackTargetSize                   = 64                                        {product} {ergonomic}
   size_t InitialHeapSize                          = 268435456                                 {product} {ergonomic}
   size_t MarkStackSize                            = 4194304                                   {product} {ergonomic}
   size_t MaxHeapSize                              = 4271898624                                {product} {ergonomic}
   size_t MaxNewSize                               = 2562719744                                {product} {ergonomic}
   size_t MinHeapDeltaBytes                        = 2097152                                   {product} {ergonomic}
   size_t MinHeapSize                              = 8388608                                   {product} {ergonomic}
    uintx NonNMethodCodeHeapSize                   = 5839372                                {pd product} {ergonomic}
    uintx NonProfiledCodeHeapSize                  = 122909434                              {pd product} {ergonomic}
    uintx ProfiledCodeHeapSize                     = 122909434                              {pd product} {ergonomic}
    uintx ReservedCodeCacheSize                    = 251658240                              {pd product} {ergonomic}
     bool SegmentedCodeCache                       = true                                      {product} {ergonomic}
   size_t SoftMaxHeapSize                          = 4271898624                             {manageable} {ergonomic}
     bool UseCompressedClassPointers               = true                                 {lp64_product} {ergonomic}
     bool UseCompressedOops                        = true                                 {lp64_product} {ergonomic}
     bool UseG1GC                                  = true                                      {product} {ergonomic}
     bool UseLargePagesIndividualAllocation        = false                                  {pd product} {ergonomic}

Logging:
Log output configuration:
 #0: stdout all=warning uptime,level,tags
 #1: stderr all=off uptime,level,tags

Environment Variables:
PATH=C:\Program Files (x86)\Razer Chroma SDK\bin;C:\Program Files\Razer Chroma SDK\bin;C:\Program Files (x86)\Razer\ChromaBroadcast\bin;C:\Program Files\Razer\ChromaBroadcast\bin;C:\Program Files (x86)\VMware\VMware Player\bin\;C:\Program Files\Common Files\Oracle\Java\javapath;C:\WINDOWS\system32;C:\WINDOWS;C:\WINDOWS\System32\Wbem;C:\WINDOWS\System32\WindowsPowerShell\v1.0\;C:\WINDOWS\System32\OpenSSH\;C:\Program Files\Microsoft SQL Server\130\Tools\Binn\;C:\Program Files (x86)\Microsoft SQL Server\150\DTS\Binn\;C:\Program Files\Azure Data Studio\bin;C:\Program Files\Microsoft SQL Server\Client SDK\ODBC\170\Tools\Binn\;C:\Program Files\Git\cmd;C:\Program Files\PuTTY\;C:\Program Files\nodejs\;C:\Program Files\dotnet\;C:\Program Files (x86)\dotnet\;C:\Program Files\Docker\Docker\resources\bin;C:\ProgramData\DockerDesktop\version-bin;C:\WINDOWS\system32\config\systemprofile\AppData\Local\Microsoft\WindowsApps;C:\Users\Lukas\AppData\Local\Microsoft\WindowsApps;C:\Users\Lukas\AppData\Local\Programs\Microsoft VS Code\bin;C:\Program Files\Azure Data Studio\bin;C:\Program Files\JetBrains\IntelliJ IDEA Community Edition 2020.3.2\bin;;C:\Users\Lukas\AppData\Roaming\npm;C:\Program Files\JetBrains\PyCharm Community Edition 2021.1.2\bin;;C:\Users\Lukas\.dotnet\tools;C:\Program Files\mingw-w64\x86_64-8.1.0-posix-sjlj-rt_v6-rev0\mingw64\bin;
USERNAME=Lukas
OS=Windows_NT
PROCESSOR_IDENTIFIER=AMD64 Family 23 Model 113 Stepping 0, AuthenticAMD



---------------  S Y S T E M  ---------------

OS:
 Windows 10 , 64 bit Build 19041 (10.0.19041.1645)
OS uptime: 0 days 1:35 hours
HyperV virtualization detected

CPU: total 12 (initial active 12) (12 cores per cpu, 2 threads per core) family 23 model 113 stepping 0 microcode 0x0, cmov, cx8, fxsr, mmx, sse, sse2, sse3, ssse3, sse4.1, sse4.2, popcnt, vzeroupper, avx, avx2, aes, clmul, 3dnowpref, lzcnt, sse4a, ht, tsc, tscinvbit, tscinv, bmi1, bmi2, adx, sha, fma, clflush, clflushopt

Memory: 4k page, system-wide physical 16295M (8322M free)
TotalPageFile size 23207M (AvailPageFile size 10215M)
current process WorkingSet (physical memory assigned to process): 298M, peak: 333M
current process commit charge ("private bytes"): 542M, peak: 566M

vm_info: Java HotSpot(TM) 64-Bit Server VM (15.0.2+7-27) for windows-amd64 JRE (15.0.2+7-27), built on Dec  7 2020 20:07:01 by "mach5one" with unknown MS VC++:1925

END.
